[INFO ] 2021-06-04 20:08:47.743 [main] RegistrationNumberExtractor - found: DN09HRM
[INFO ] 2021-06-04 20:08:47.745 [main] RegistrationNumberExtractor - found: BW57 BOW
[INFO ] 2021-06-04 20:08:47.747 [main] RegistrationNumberExtractor - found: KT17DLX
[INFO ] 2021-06-04 20:08:47.747 [main] RegistrationNumberExtractor - found: SG18 HTN
[INFO ] 2021-06-04 20:09:25.308 [main] RegistrationNumberExtractor - found: DN09HRM
[INFO ] 2021-06-04 20:09:25.310 [main] RegistrationNumberExtractor - found: BW57 BOW
[INFO ] 2021-06-04 20:09:25.311 [main] RegistrationNumberExtractor - found: KT17DLX
[INFO ] 2021-06-04 20:09:25.313 [main] RegistrationNumberExtractor - found: SG18 HTN
[INFO ] 2021-06-04 20:09:41.794 [main] RegistrationNumberExtractor - found: DN09HRM
[INFO ] 2021-06-04 20:09:41.797 [main] RegistrationNumberExtractor - found: BW57 BOW
[INFO ] 2021-06-04 20:09:41.798 [main] RegistrationNumberExtractor - found: KT17DLX
[INFO ] 2021-06-04 20:09:41.798 [main] RegistrationNumberExtractor - found: SG18 HTN
[INFO ] 2021-06-04 20:10:00.085 [main] RegistrationNumberExtractor - found: DN09HRM
[INFO ] 2021-06-04 20:10:00.087 [main] RegistrationNumberExtractor - found: BW57 BOW
[INFO ] 2021-06-04 20:10:00.088 [main] RegistrationNumberExtractor - found: KT17DLX
[INFO ] 2021-06-04 20:10:00.088 [main] RegistrationNumberExtractor - found: SG18 HTN
[INFO ] 2021-06-04 20:10:18.812 [main] RegistrationNumberExtractor - found: DN09HRM
[INFO ] 2021-06-04 20:10:18.813 [main] RegistrationNumberExtractor - found: BW57 BOW
[INFO ] 2021-06-04 20:10:18.815 [main] RegistrationNumberExtractor - found: KT17DLX
[INFO ] 2021-06-04 20:10:18.815 [main] RegistrationNumberExtractor - found: SG18 HTN
[INFO ] 2021-06-04 20:10:30.047 [main] RegistrationNumberExtractor - found: DN09HRM
[INFO ] 2021-06-04 20:10:30.049 [main] RegistrationNumberExtractor - found: BW57 BOW
[INFO ] 2021-06-04 20:10:30.051 [main] RegistrationNumberExtractor - found: KT17DLX
[INFO ] 2021-06-04 20:10:30.051 [main] RegistrationNumberExtractor - found: SG18 HTN
[INFO ] 2021-06-04 20:10:43.323 [main] RegistrationNumberExtractor - found: DN09HRM
[INFO ] 2021-06-04 20:10:43.325 [main] RegistrationNumberExtractor - found: BW57 BOW
[INFO ] 2021-06-04 20:10:43.327 [main] RegistrationNumberExtractor - found: KT17DLX
[INFO ] 2021-06-04 20:10:43.327 [main] RegistrationNumberExtractor - found: SG18 HTN
[INFO ] 2021-06-04 20:10:59.132 [main] RegistrationNumberExtractor - found: DN09HRM
[INFO ] 2021-06-04 20:10:59.134 [main] RegistrationNumberExtractor - found: BW57 BOW
[INFO ] 2021-06-04 20:10:59.136 [main] RegistrationNumberExtractor - found: KT17DLX
[INFO ] 2021-06-04 20:10:59.136 [main] RegistrationNumberExtractor - found: SG18 HTN
[INFO ] 2021-06-04 20:11:18.831 [main] RegistrationNumberExtractor - found: DN09HRM
[INFO ] 2021-06-04 20:11:18.833 [main] RegistrationNumberExtractor - found: BW57 BOW
[INFO ] 2021-06-04 20:11:18.835 [main] RegistrationNumberExtractor - found: KT17DLX
[INFO ] 2021-06-04 20:11:18.835 [main] RegistrationNumberExtractor - found: SG18 HTN
[INFO ] 2021-06-04 20:11:38.765 [main] RegistrationNumberExtractor - found: DN09HRM
[INFO ] 2021-06-04 20:11:38.767 [main] RegistrationNumberExtractor - found: BW57 BOW
[INFO ] 2021-06-04 20:11:38.768 [main] RegistrationNumberExtractor - found: KT17DLX
[INFO ] 2021-06-04 20:11:38.768 [main] RegistrationNumberExtractor - found: SG18 HTN
[INFO ] 2021-06-04 20:12:43.447 [main] RegistrationNumberExtractor - found: DN09HRM
[INFO ] 2021-06-04 20:12:43.449 [main] RegistrationNumberExtractor - found: BW57 BOW
[INFO ] 2021-06-04 20:12:43.451 [main] RegistrationNumberExtractor - found: KT17DLX
[INFO ] 2021-06-04 20:12:43.451 [main] RegistrationNumberExtractor - found: SG18 HTN
[INFO ] 2021-06-04 20:12:54.675 [main] RegistrationNumberExtractor - found: DN09HRM
[INFO ] 2021-06-04 20:12:54.677 [main] RegistrationNumberExtractor - found: BW57 BOW
[INFO ] 2021-06-04 20:12:54.679 [main] RegistrationNumberExtractor - found: KT17DLX
[INFO ] 2021-06-04 20:12:54.679 [main] RegistrationNumberExtractor - found: SG18 HTN
[INFO ] 2021-06-04 20:13:07.297 [main] RegistrationNumberExtractor - found: DN09HRM
[INFO ] 2021-06-04 20:13:07.299 [main] RegistrationNumberExtractor - found: BW57 BOW
[INFO ] 2021-06-04 20:13:07.301 [main] RegistrationNumberExtractor - found: KT17DLX
[INFO ] 2021-06-04 20:13:07.301 [main] RegistrationNumberExtractor - found: SG18 HTN
[INFO ] 2021-06-04 20:13:36.136 [main] RegistrationNumberExtractor - found: DN09HRM
[INFO ] 2021-06-04 20:13:36.138 [main] RegistrationNumberExtractor - found: BW57 BOW
[INFO ] 2021-06-04 20:13:36.140 [main] RegistrationNumberExtractor - found: KT17DLX
[INFO ] 2021-06-04 20:13:36.140 [main] RegistrationNumberExtractor - found: SG18 HTN
[INFO ] 2021-06-04 20:13:38.182 [main] RegistrationNumberExtractor - found: DN09HRM
[INFO ] 2021-06-04 20:13:38.182 [main] RegistrationNumberExtractor - found: BW57 BOW
[INFO ] 2021-06-04 20:13:38.182 [main] RegistrationNumberExtractor - found: KT17DLX
[INFO ] 2021-06-04 20:13:38.182 [main] RegistrationNumberExtractor - found: SG18 HTN
[INFO ] 2021-06-04 20:15:19.477 [main] RegistrationNumberExtractor - found: DN09HRM
[INFO ] 2021-06-04 20:15:19.480 [main] RegistrationNumberExtractor - found: BW57 BOW
[INFO ] 2021-06-04 20:15:19.481 [main] RegistrationNumberExtractor - found: KT17DLX
[INFO ] 2021-06-04 20:15:19.482 [main] RegistrationNumberExtractor - found: SG18 HTN
[INFO ] 2021-06-04 20:15:31.996 [main] RegistrationNumberExtractor - found: DN09HRM
[INFO ] 2021-06-04 20:15:31.998 [main] RegistrationNumberExtractor - found: BW57 BOW
[INFO ] 2021-06-04 20:15:31.999 [main] RegistrationNumberExtractor - found: KT17DLX
[INFO ] 2021-06-04 20:15:31.999 [main] RegistrationNumberExtractor - found: SG18 HTN
[INFO ] 2021-06-04 20:15:40.784 [main] RegistrationNumberExtractor - found: DN09HRM
[INFO ] 2021-06-04 20:15:40.786 [main] RegistrationNumberExtractor - found: BW57 BOW
[INFO ] 2021-06-04 20:15:40.788 [main] RegistrationNumberExtractor - found: KT17DLX
[INFO ] 2021-06-04 20:15:40.788 [main] RegistrationNumberExtractor - found: SG18 HTN
[INFO ] 2021-06-04 20:16:01.115 [main] RegistrationNumberExtractor - found: DN09HRM
[INFO ] 2021-06-04 20:16:01.118 [main] RegistrationNumberExtractor - found: BW57 BOW
[INFO ] 2021-06-04 20:16:01.119 [main] RegistrationNumberExtractor - found: KT17DLX
[INFO ] 2021-06-04 20:16:01.120 [main] RegistrationNumberExtractor - found: SG18 HTN
[INFO ] 2021-06-04 20:16:02.993 [main] RegistrationNumberExtractor - found: DN09HRM
[INFO ] 2021-06-04 20:16:02.993 [main] RegistrationNumberExtractor - found: BW57 BOW
[INFO ] 2021-06-04 20:16:02.993 [main] RegistrationNumberExtractor - found: KT17DLX
[INFO ] 2021-06-04 20:16:02.993 [main] RegistrationNumberExtractor - found: SG18 HTN
[INFO ] 2021-06-04 20:19:19.946 [main] RegistrationNumberExtractor - found: DN09HRM
[INFO ] 2021-06-04 20:19:19.949 [main] RegistrationNumberExtractor - found: BW57 BOW
[INFO ] 2021-06-04 20:19:19.950 [main] RegistrationNumberExtractor - found: KT17DLX
[INFO ] 2021-06-04 20:19:19.951 [main] RegistrationNumberExtractor - found: SG18 HTN
[INFO ] 2021-06-04 20:19:22.559 [main] RegistrationNumberExtractor - found: DN09HRM
[INFO ] 2021-06-04 20:19:22.559 [main] RegistrationNumberExtractor - found: BW57 BOW
[INFO ] 2021-06-04 20:19:22.559 [main] RegistrationNumberExtractor - found: KT17DLX
[INFO ] 2021-06-04 20:19:22.559 [main] RegistrationNumberExtractor - found: SG18 HTN
[INFO ] 2021-06-04 20:21:11.831 [main] RegistrationNumberExtractor - found: DN09HRM
[INFO ] 2021-06-04 20:21:11.833 [main] RegistrationNumberExtractor - found: BW57 BOW
[INFO ] 2021-06-04 20:21:11.834 [main] RegistrationNumberExtractor - found: KT17DLX
[INFO ] 2021-06-04 20:21:11.834 [main] RegistrationNumberExtractor - found: SG18 HTN
[INFO ] 2021-06-04 20:21:16.198 [main] RegistrationNumberExtractor - found: DN09HRM
[INFO ] 2021-06-04 20:21:16.199 [main] RegistrationNumberExtractor - found: BW57 BOW
[INFO ] 2021-06-04 20:21:16.199 [main] RegistrationNumberExtractor - found: KT17DLX
[INFO ] 2021-06-04 20:21:16.199 [main] RegistrationNumberExtractor - found: SG18 HTN
[INFO ] 2021-06-04 20:21:25.619 [main] RegistrationNumberExtractor - found: DN09HRM
[INFO ] 2021-06-04 20:21:25.622 [main] RegistrationNumberExtractor - found: BW57 BOW
[INFO ] 2021-06-04 20:21:25.623 [main] RegistrationNumberExtractor - found: KT17DLX
[INFO ] 2021-06-04 20:21:25.623 [main] RegistrationNumberExtractor - found: SG18 HTN
[INFO ] 2021-06-04 20:21:30.224 [main] RegistrationNumberExtractor - found: DN09HRM
[INFO ] 2021-06-04 20:21:30.225 [main] RegistrationNumberExtractor - found: BW57 BOW
[INFO ] 2021-06-04 20:21:30.225 [main] RegistrationNumberExtractor - found: KT17DLX
[INFO ] 2021-06-04 20:21:30.225 [main] RegistrationNumberExtractor - found: SG18 HTN
[INFO ] 2021-06-04 20:21:34.523 [main] RegistrationNumberExtractor - found: DN09HRM
[INFO ] 2021-06-04 20:21:34.523 [main] RegistrationNumberExtractor - found: BW57 BOW
[INFO ] 2021-06-04 20:21:34.523 [main] RegistrationNumberExtractor - found: KT17DLX
[INFO ] 2021-06-04 20:21:34.524 [main] RegistrationNumberExtractor - found: SG18 HTN
[INFO ] 2021-06-04 20:22:23.573 [main] RegistrationNumberExtractor - found: DN09HRM
[INFO ] 2021-06-04 20:22:23.575 [main] RegistrationNumberExtractor - found: BW57 BOW
[INFO ] 2021-06-04 20:22:23.577 [main] RegistrationNumberExtractor - found: KT17DLX
[INFO ] 2021-06-04 20:22:23.577 [main] RegistrationNumberExtractor - found: SG18 HTN
[INFO ] 2021-06-04 20:22:35.396 [main] RegistrationNumberExtractor - found: DN09HRM
[INFO ] 2021-06-04 20:22:35.396 [main] RegistrationNumberExtractor - found: BW57 BOW
[INFO ] 2021-06-04 20:22:35.396 [main] RegistrationNumberExtractor - found: KT17DLX
[INFO ] 2021-06-04 20:22:35.396 [main] RegistrationNumberExtractor - found: SG18 HTN
[INFO ] 2021-06-04 20:22:46.967 [main] RegistrationNumberExtractor - found: DN09HRM
[INFO ] 2021-06-04 20:22:46.967 [main] RegistrationNumberExtractor - found: BW57 BOW
[INFO ] 2021-06-04 20:22:46.968 [main] RegistrationNumberExtractor - found: KT17DLX
[INFO ] 2021-06-04 20:22:46.968 [main] RegistrationNumberExtractor - found: SG18 HTN
[INFO ] 2021-06-04 20:22:58.427 [main] RegistrationNumberExtractor - found: DN09HRM
[INFO ] 2021-06-04 20:22:58.427 [main] RegistrationNumberExtractor - found: BW57 BOW
[INFO ] 2021-06-04 20:22:58.427 [main] RegistrationNumberExtractor - found: KT17DLX
[INFO ] 2021-06-04 20:22:58.427 [main] RegistrationNumberExtractor - found: SG18 HTN
[INFO ] 2021-06-04 20:23:20.523 [main] RegistrationNumberExtractor - found: DN09HRM
[INFO ] 2021-06-04 20:23:20.525 [main] RegistrationNumberExtractor - found: BW57 BOW
[INFO ] 2021-06-04 20:23:20.527 [main] RegistrationNumberExtractor - found: KT17DLX
[INFO ] 2021-06-04 20:23:20.527 [main] RegistrationNumberExtractor - found: SG18 HTN
[INFO ] 2021-06-04 20:23:32.540 [main] RegistrationNumberExtractor - found: DN09HRM
[INFO ] 2021-06-04 20:23:32.540 [main] RegistrationNumberExtractor - found: BW57 BOW
[INFO ] 2021-06-04 20:23:32.540 [main] RegistrationNumberExtractor - found: KT17DLX
[INFO ] 2021-06-04 20:23:32.540 [main] RegistrationNumberExtractor - found: SG18 HTN
[INFO ] 2021-06-04 20:23:43.997 [main] RegistrationNumberExtractor - found: DN09HRM
[INFO ] 2021-06-04 20:23:43.997 [main] RegistrationNumberExtractor - found: BW57 BOW
[INFO ] 2021-06-04 20:23:43.997 [main] RegistrationNumberExtractor - found: KT17DLX
[INFO ] 2021-06-04 20:23:43.997 [main] RegistrationNumberExtractor - found: SG18 HTN
[INFO ] 2021-06-04 20:23:55.662 [main] RegistrationNumberExtractor - found: DN09HRM
[INFO ] 2021-06-04 20:23:55.662 [main] RegistrationNumberExtractor - found: BW57 BOW
[INFO ] 2021-06-04 20:23:55.663 [main] RegistrationNumberExtractor - found: KT17DLX
[INFO ] 2021-06-04 20:23:55.663 [main] RegistrationNumberExtractor - found: SG18 HTN
[INFO ] 2021-06-04 20:24:08.479 [main] RegistrationNumberExtractor - found: DN09HRM
[INFO ] 2021-06-04 20:24:08.479 [main] RegistrationNumberExtractor - found: BW57 BOW
[INFO ] 2021-06-04 20:24:08.479 [main] RegistrationNumberExtractor - found: KT17DLX
[INFO ] 2021-06-04 20:24:08.479 [main] RegistrationNumberExtractor - found: SG18 HTN
[INFO ] 2021-06-04 20:24:20.712 [main] RegistrationNumberExtractor - found: DN09HRM
[INFO ] 2021-06-04 20:24:20.713 [main] RegistrationNumberExtractor - found: BW57 BOW
[INFO ] 2021-06-04 20:24:20.713 [main] RegistrationNumberExtractor - found: KT17DLX
[INFO ] 2021-06-04 20:24:20.713 [main] RegistrationNumberExtractor - found: SG18 HTN
[INFO ] 2021-06-04 20:24:33.694 [main] RegistrationNumberExtractor - found: DN09HRM
[INFO ] 2021-06-04 20:24:33.695 [main] RegistrationNumberExtractor - found: BW57 BOW
[INFO ] 2021-06-04 20:24:33.695 [main] RegistrationNumberExtractor - found: KT17DLX
[INFO ] 2021-06-04 20:24:33.695 [main] RegistrationNumberExtractor - found: SG18 HTN
[INFO ] 2021-06-04 20:24:46.166 [main] RegistrationNumberExtractor - found: DN09HRM
[INFO ] 2021-06-04 20:24:46.166 [main] RegistrationNumberExtractor - found: BW57 BOW
[INFO ] 2021-06-04 20:24:46.167 [main] RegistrationNumberExtractor - found: KT17DLX
[INFO ] 2021-06-04 20:24:46.167 [main] RegistrationNumberExtractor - found: SG18 HTN
[INFO ] 2021-06-04 20:24:58.357 [main] RegistrationNumberExtractor - found: DN09HRM
[INFO ] 2021-06-04 20:24:58.357 [main] RegistrationNumberExtractor - found: BW57 BOW
[INFO ] 2021-06-04 20:24:58.357 [main] RegistrationNumberExtractor - found: KT17DLX
[INFO ] 2021-06-04 20:24:58.357 [main] RegistrationNumberExtractor - found: SG18 HTN
[INFO ] 2021-06-04 20:25:10.472 [main] RegistrationNumberExtractor - found: DN09HRM
[INFO ] 2021-06-04 20:25:10.472 [main] RegistrationNumberExtractor - found: BW57 BOW
[INFO ] 2021-06-04 20:25:10.473 [main] RegistrationNumberExtractor - found: KT17DLX
[INFO ] 2021-06-04 20:25:10.473 [main] RegistrationNumberExtractor - found: SG18 HTN
[INFO ] 2021-06-04 20:25:22.208 [main] RegistrationNumberExtractor - found: DN09HRM
[INFO ] 2021-06-04 20:25:22.208 [main] RegistrationNumberExtractor - found: BW57 BOW
[INFO ] 2021-06-04 20:25:22.208 [main] RegistrationNumberExtractor - found: KT17DLX
[INFO ] 2021-06-04 20:25:22.208 [main] RegistrationNumberExtractor - found: SG18 HTN
[INFO ] 2021-06-04 20:25:33.666 [main] RegistrationNumberExtractor - found: DN09HRM
[INFO ] 2021-06-04 20:25:33.666 [main] RegistrationNumberExtractor - found: BW57 BOW
[INFO ] 2021-06-04 20:25:33.666 [main] RegistrationNumberExtractor - found: KT17DLX
[INFO ] 2021-06-04 20:25:33.666 [main] RegistrationNumberExtractor - found: SG18 HTN
[INFO ] 2021-06-04 20:25:45.226 [main] RegistrationNumberExtractor - found: DN09HRM
[INFO ] 2021-06-04 20:25:45.226 [main] RegistrationNumberExtractor - found: BW57 BOW
[INFO ] 2021-06-04 20:25:45.226 [main] RegistrationNumberExtractor - found: KT17DLX
[INFO ] 2021-06-04 20:25:45.226 [main] RegistrationNumberExtractor - found: SG18 HTN
[INFO ] 2021-06-04 20:25:56.698 [main] RegistrationNumberExtractor - found: DN09HRM
[INFO ] 2021-06-04 20:25:56.698 [main] RegistrationNumberExtractor - found: BW57 BOW
[INFO ] 2021-06-04 20:25:56.698 [main] RegistrationNumberExtractor - found: KT17DLX
[INFO ] 2021-06-04 20:25:56.698 [main] RegistrationNumberExtractor - found: SG18 HTN
[INFO ] 2021-06-04 20:26:08.654 [main] RegistrationNumberExtractor - found: DN09HRM
[INFO ] 2021-06-04 20:26:08.654 [main] RegistrationNumberExtractor - found: BW57 BOW
[INFO ] 2021-06-04 20:26:08.654 [main] RegistrationNumberExtractor - found: KT17DLX
[INFO ] 2021-06-04 20:26:08.654 [main] RegistrationNumberExtractor - found: SG18 HTN
[INFO ] 2021-06-04 20:26:20.088 [main] RegistrationNumberExtractor - found: DN09HRM
[INFO ] 2021-06-04 20:26:20.089 [main] RegistrationNumberExtractor - found: BW57 BOW
[INFO ] 2021-06-04 20:26:20.089 [main] RegistrationNumberExtractor - found: KT17DLX
[INFO ] 2021-06-04 20:26:20.089 [main] RegistrationNumberExtractor - found: SG18 HTN
[INFO ] 2021-06-04 20:26:31.521 [main] RegistrationNumberExtractor - found: DN09HRM
[INFO ] 2021-06-04 20:26:31.521 [main] RegistrationNumberExtractor - found: BW57 BOW
[INFO ] 2021-06-04 20:26:31.521 [main] RegistrationNumberExtractor - found: KT17DLX
[INFO ] 2021-06-04 20:26:31.521 [main] RegistrationNumberExtractor - found: SG18 HTN
[INFO ] 2021-06-04 20:26:44.093 [main] RegistrationNumberExtractor - found: DN09HRM
[INFO ] 2021-06-04 20:26:44.093 [main] RegistrationNumberExtractor - found: BW57 BOW
[INFO ] 2021-06-04 20:26:44.093 [main] RegistrationNumberExtractor - found: KT17DLX
[INFO ] 2021-06-04 20:26:44.093 [main] RegistrationNumberExtractor - found: SG18 HTN
[INFO ] 2021-06-04 20:26:56.583 [main] RegistrationNumberExtractor - found: DN09HRM
[INFO ] 2021-06-04 20:26:56.583 [main] RegistrationNumberExtractor - found: BW57 BOW
[INFO ] 2021-06-04 20:26:56.583 [main] RegistrationNumberExtractor - found: KT17DLX
[INFO ] 2021-06-04 20:26:56.584 [main] RegistrationNumberExtractor - found: SG18 HTN
[INFO ] 2021-06-04 20:27:08.997 [main] RegistrationNumberExtractor - found: DN09HRM
[INFO ] 2021-06-04 20:27:08.998 [main] RegistrationNumberExtractor - found: BW57 BOW
[INFO ] 2021-06-04 20:27:08.998 [main] RegistrationNumberExtractor - found: KT17DLX
[INFO ] 2021-06-04 20:27:08.998 [main] RegistrationNumberExtractor - found: SG18 HTN
[INFO ] 2021-06-04 20:27:20.584 [main] RegistrationNumberExtractor - found: DN09HRM
[INFO ] 2021-06-04 20:27:20.584 [main] RegistrationNumberExtractor - found: BW57 BOW
[INFO ] 2021-06-04 20:27:20.584 [main] RegistrationNumberExtractor - found: KT17DLX
[INFO ] 2021-06-04 20:27:20.585 [main] RegistrationNumberExtractor - found: SG18 HTN
[INFO ] 2021-06-04 20:27:32.167 [main] RegistrationNumberExtractor - found: DN09HRM
[INFO ] 2021-06-04 20:27:32.167 [main] RegistrationNumberExtractor - found: BW57 BOW
[INFO ] 2021-06-04 20:27:32.167 [main] RegistrationNumberExtractor - found: KT17DLX
[INFO ] 2021-06-04 20:27:32.167 [main] RegistrationNumberExtractor - found: SG18 HTN
[INFO ] 2021-06-04 20:27:44.048 [main] RegistrationNumberExtractor - found: DN09HRM
[INFO ] 2021-06-04 20:27:44.048 [main] RegistrationNumberExtractor - found: BW57 BOW
[INFO ] 2021-06-04 20:27:44.048 [main] RegistrationNumberExtractor - found: KT17DLX
[INFO ] 2021-06-04 20:27:44.048 [main] RegistrationNumberExtractor - found: SG18 HTN
[INFO ] 2021-06-04 20:27:55.620 [main] RegistrationNumberExtractor - found: DN09HRM
[INFO ] 2021-06-04 20:27:55.620 [main] RegistrationNumberExtractor - found: BW57 BOW
[INFO ] 2021-06-04 20:27:55.620 [main] RegistrationNumberExtractor - found: KT17DLX
[INFO ] 2021-06-04 20:27:55.620 [main] RegistrationNumberExtractor - found: SG18 HTN
[INFO ] 2021-06-04 20:28:08.906 [main] RegistrationNumberExtractor - found: DN09HRM
[INFO ] 2021-06-04 20:28:08.906 [main] RegistrationNumberExtractor - found: BW57 BOW
[INFO ] 2021-06-04 20:28:08.906 [main] RegistrationNumberExtractor - found: KT17DLX
[INFO ] 2021-06-04 20:28:08.906 [main] RegistrationNumberExtractor - found: SG18 HTN
[INFO ] 2021-06-04 20:28:20.536 [main] RegistrationNumberExtractor - found: DN09HRM
[INFO ] 2021-06-04 20:28:20.536 [main] RegistrationNumberExtractor - found: BW57 BOW
[INFO ] 2021-06-04 20:28:20.536 [main] RegistrationNumberExtractor - found: KT17DLX
[INFO ] 2021-06-04 20:28:20.536 [main] RegistrationNumberExtractor - found: SG18 HTN
[INFO ] 2021-06-04 20:28:59.047 [main] RegistrationNumberExtractor - found: DN09HRM
[INFO ] 2021-06-04 20:28:59.050 [main] RegistrationNumberExtractor - found: BW57 BOW
[INFO ] 2021-06-04 20:28:59.051 [main] RegistrationNumberExtractor - found: KT17DLX
[INFO ] 2021-06-04 20:28:59.052 [main] RegistrationNumberExtractor - found: SG18 HTN
[INFO ] 2021-06-04 20:29:09.585 [main] RegistrationNumberExtractor - found: DN09HRM
[INFO ] 2021-06-04 20:29:09.587 [main] RegistrationNumberExtractor - found: BW57 BOW
[INFO ] 2021-06-04 20:29:09.589 [main] RegistrationNumberExtractor - found: KT17DLX
[INFO ] 2021-06-04 20:29:09.589 [main] RegistrationNumberExtractor - found: SG18 HTN
[INFO ] 2021-06-04 20:29:16.609 [main] RegistrationNumberExtractor - found: DN09HRM
[INFO ] 2021-06-04 20:29:16.609 [main] RegistrationNumberExtractor - found: BW57 BOW
[INFO ] 2021-06-04 20:29:16.609 [main] RegistrationNumberExtractor - found: KT17DLX
[INFO ] 2021-06-04 20:29:16.609 [main] RegistrationNumberExtractor - found: SG18 HTN
[INFO ] 2021-06-04 20:29:23.190 [main] RegistrationNumberExtractor - found: DN09HRM
[INFO ] 2021-06-04 20:29:23.190 [main] RegistrationNumberExtractor - found: BW57 BOW
[INFO ] 2021-06-04 20:29:23.190 [main] RegistrationNumberExtractor - found: KT17DLX
[INFO ] 2021-06-04 20:29:23.190 [main] RegistrationNumberExtractor - found: SG18 HTN
[INFO ] 2021-06-04 20:29:29.733 [main] RegistrationNumberExtractor - found: DN09HRM
[INFO ] 2021-06-04 20:29:29.734 [main] RegistrationNumberExtractor - found: BW57 BOW
[INFO ] 2021-06-04 20:29:29.734 [main] RegistrationNumberExtractor - found: KT17DLX
[INFO ] 2021-06-04 20:29:29.734 [main] RegistrationNumberExtractor - found: SG18 HTN
[INFO ] 2021-06-04 20:29:36.255 [main] RegistrationNumberExtractor - found: DN09HRM
[INFO ] 2021-06-04 20:29:36.256 [main] RegistrationNumberExtractor - found: BW57 BOW
[INFO ] 2021-06-04 20:29:36.256 [main] RegistrationNumberExtractor - found: KT17DLX
[INFO ] 2021-06-04 20:29:36.256 [main] RegistrationNumberExtractor - found: SG18 HTN
[INFO ] 2021-06-04 20:29:42.713 [main] RegistrationNumberExtractor - found: DN09HRM
[INFO ] 2021-06-04 20:29:42.713 [main] RegistrationNumberExtractor - found: BW57 BOW
[INFO ] 2021-06-04 20:29:42.714 [main] RegistrationNumberExtractor - found: KT17DLX
[INFO ] 2021-06-04 20:29:42.714 [main] RegistrationNumberExtractor - found: SG18 HTN
[INFO ] 2021-06-04 20:29:49.203 [main] RegistrationNumberExtractor - found: DN09HRM
[INFO ] 2021-06-04 20:29:49.203 [main] RegistrationNumberExtractor - found: BW57 BOW
[INFO ] 2021-06-04 20:29:49.203 [main] RegistrationNumberExtractor - found: KT17DLX
[INFO ] 2021-06-04 20:29:49.203 [main] RegistrationNumberExtractor - found: SG18 HTN
[INFO ] 2021-06-04 20:29:55.624 [main] RegistrationNumberExtractor - found: DN09HRM
[INFO ] 2021-06-04 20:29:55.624 [main] RegistrationNumberExtractor - found: BW57 BOW
[INFO ] 2021-06-04 20:29:55.624 [main] RegistrationNumberExtractor - found: KT17DLX
[INFO ] 2021-06-04 20:29:55.624 [main] RegistrationNumberExtractor - found: SG18 HTN
[INFO ] 2021-06-04 20:30:01.870 [main] RegistrationNumberExtractor - found: DN09HRM
[INFO ] 2021-06-04 20:30:01.870 [main] RegistrationNumberExtractor - found: BW57 BOW
[INFO ] 2021-06-04 20:30:01.870 [main] RegistrationNumberExtractor - found: KT17DLX
[INFO ] 2021-06-04 20:30:01.870 [main] RegistrationNumberExtractor - found: SG18 HTN
[INFO ] 2021-06-04 20:30:08.412 [main] RegistrationNumberExtractor - found: DN09HRM
[INFO ] 2021-06-04 20:30:08.412 [main] RegistrationNumberExtractor - found: BW57 BOW
[INFO ] 2021-06-04 20:30:08.412 [main] RegistrationNumberExtractor - found: KT17DLX
[INFO ] 2021-06-04 20:30:08.412 [main] RegistrationNumberExtractor - found: SG18 HTN
[INFO ] 2021-06-04 20:30:14.805 [main] RegistrationNumberExtractor - found: DN09HRM
[INFO ] 2021-06-04 20:30:14.805 [main] RegistrationNumberExtractor - found: BW57 BOW
[INFO ] 2021-06-04 20:30:14.805 [main] RegistrationNumberExtractor - found: KT17DLX
[INFO ] 2021-06-04 20:30:14.805 [main] RegistrationNumberExtractor - found: SG18 HTN
[INFO ] 2021-06-04 20:30:21.517 [main] RegistrationNumberExtractor - found: DN09HRM
[INFO ] 2021-06-04 20:30:21.517 [main] RegistrationNumberExtractor - found: BW57 BOW
[INFO ] 2021-06-04 20:30:21.517 [main] RegistrationNumberExtractor - found: KT17DLX
[INFO ] 2021-06-04 20:30:21.517 [main] RegistrationNumberExtractor - found: SG18 HTN
[INFO ] 2021-06-04 20:30:29.970 [main] RegistrationNumberExtractor - found: DN09HRM
[INFO ] 2021-06-04 20:30:29.970 [main] RegistrationNumberExtractor - found: BW57 BOW
[INFO ] 2021-06-04 20:30:29.970 [main] RegistrationNumberExtractor - found: KT17DLX
[INFO ] 2021-06-04 20:30:29.970 [main] RegistrationNumberExtractor - found: SG18 HTN
[INFO ] 2021-06-04 20:30:38.619 [main] RegistrationNumberExtractor - found: DN09HRM
[INFO ] 2021-06-04 20:30:38.619 [main] RegistrationNumberExtractor - found: BW57 BOW
[INFO ] 2021-06-04 20:30:38.620 [main] RegistrationNumberExtractor - found: KT17DLX
[INFO ] 2021-06-04 20:30:38.620 [main] RegistrationNumberExtractor - found: SG18 HTN
[INFO ] 2021-06-04 20:30:45.316 [main] RegistrationNumberExtractor - found: DN09HRM
[INFO ] 2021-06-04 20:30:45.316 [main] RegistrationNumberExtractor - found: BW57 BOW
[INFO ] 2021-06-04 20:30:45.316 [main] RegistrationNumberExtractor - found: KT17DLX
[INFO ] 2021-06-04 20:30:45.316 [main] RegistrationNumberExtractor - found: SG18 HTN
[INFO ] 2021-06-04 20:30:51.669 [main] RegistrationNumberExtractor - found: DN09HRM
[INFO ] 2021-06-04 20:30:51.669 [main] RegistrationNumberExtractor - found: BW57 BOW
[INFO ] 2021-06-04 20:30:51.669 [main] RegistrationNumberExtractor - found: KT17DLX
[INFO ] 2021-06-04 20:30:51.669 [main] RegistrationNumberExtractor - found: SG18 HTN
[INFO ] 2021-06-04 20:30:58.026 [main] RegistrationNumberExtractor - found: DN09HRM
[INFO ] 2021-06-04 20:30:58.026 [main] RegistrationNumberExtractor - found: BW57 BOW
[INFO ] 2021-06-04 20:30:58.026 [main] RegistrationNumberExtractor - found: KT17DLX
[INFO ] 2021-06-04 20:30:58.026 [main] RegistrationNumberExtractor - found: SG18 HTN
[INFO ] 2021-06-04 20:31:05.507 [main] RegistrationNumberExtractor - found: DN09HRM
[INFO ] 2021-06-04 20:31:05.507 [main] RegistrationNumberExtractor - found: BW57 BOW
[INFO ] 2021-06-04 20:31:05.508 [main] RegistrationNumberExtractor - found: KT17DLX
[INFO ] 2021-06-04 20:31:05.508 [main] RegistrationNumberExtractor - found: SG18 HTN
[INFO ] 2021-06-04 20:31:12.693 [main] RegistrationNumberExtractor - found: DN09HRM
[INFO ] 2021-06-04 20:31:12.694 [main] RegistrationNumberExtractor - found: BW57 BOW
[INFO ] 2021-06-04 20:31:12.694 [main] RegistrationNumberExtractor - found: KT17DLX
[INFO ] 2021-06-04 20:31:12.694 [main] RegistrationNumberExtractor - found: SG18 HTN
[INFO ] 2021-06-04 20:31:19.207 [main] RegistrationNumberExtractor - found: DN09HRM
[INFO ] 2021-06-04 20:31:19.207 [main] RegistrationNumberExtractor - found: BW57 BOW
[INFO ] 2021-06-04 20:31:19.207 [main] RegistrationNumberExtractor - found: KT17DLX
[INFO ] 2021-06-04 20:31:19.207 [main] RegistrationNumberExtractor - found: SG18 HTN
[INFO ] 2021-06-04 20:31:25.988 [main] RegistrationNumberExtractor - found: DN09HRM
[INFO ] 2021-06-04 20:31:25.988 [main] RegistrationNumberExtractor - found: BW57 BOW
[INFO ] 2021-06-04 20:31:25.988 [main] RegistrationNumberExtractor - found: KT17DLX
[INFO ] 2021-06-04 20:31:25.989 [main] RegistrationNumberExtractor - found: SG18 HTN
[INFO ] 2021-06-04 20:39:36.514 [main] RegistrationNumberExtractor - found: DN09HRM
[INFO ] 2021-06-04 20:39:36.516 [main] RegistrationNumberExtractor - found: BW57 BOW
[INFO ] 2021-06-04 20:39:36.518 [main] RegistrationNumberExtractor - found: KT17DLX
[INFO ] 2021-06-04 20:39:36.518 [main] RegistrationNumberExtractor - found: SG18 HTN
[INFO ] 2021-06-04 20:39:44.935 [main] RegistrationNumberExtractor - found: DN09HRM
[INFO ] 2021-06-04 20:39:44.935 [main] RegistrationNumberExtractor - found: BW57 BOW
[INFO ] 2021-06-04 20:39:44.935 [main] RegistrationNumberExtractor - found: KT17DLX
[INFO ] 2021-06-04 20:39:44.935 [main] RegistrationNumberExtractor - found: SG18 HTN
[INFO ] 2021-06-04 20:39:52.762 [main] RegistrationNumberExtractor - found: DN09HRM
[INFO ] 2021-06-04 20:39:52.763 [main] RegistrationNumberExtractor - found: BW57 BOW
[INFO ] 2021-06-04 20:39:52.763 [main] RegistrationNumberExtractor - found: KT17DLX
[INFO ] 2021-06-04 20:39:52.763 [main] RegistrationNumberExtractor - found: SG18 HTN
[INFO ] 2021-06-04 20:40:00.213 [main] RegistrationNumberExtractor - found: DN09HRM
[INFO ] 2021-06-04 20:40:00.213 [main] RegistrationNumberExtractor - found: BW57 BOW
[INFO ] 2021-06-04 20:40:00.213 [main] RegistrationNumberExtractor - found: KT17DLX
[INFO ] 2021-06-04 20:40:00.213 [main] RegistrationNumberExtractor - found: SG18 HTN
[INFO ] 2021-06-04 20:44:02.577 [main] RegistrationNumberExtractor - found: DN09HRM
[INFO ] 2021-06-04 20:44:02.579 [main] RegistrationNumberExtractor - found: BW57 BOW
[INFO ] 2021-06-04 20:44:02.581 [main] RegistrationNumberExtractor - found: KT17DLX
[INFO ] 2021-06-04 20:44:02.581 [main] RegistrationNumberExtractor - found: SG18 HTN
[INFO ] 2021-06-04 20:44:13.533 [main] RegistrationNumberExtractor - found: DN09HRM
[INFO ] 2021-06-04 20:44:13.533 [main] RegistrationNumberExtractor - found: BW57 BOW
[INFO ] 2021-06-04 20:44:13.533 [main] RegistrationNumberExtractor - found: KT17DLX
[INFO ] 2021-06-04 20:44:13.533 [main] RegistrationNumberExtractor - found: SG18 HTN
[INFO ] 2021-06-04 20:44:24.290 [main] RegistrationNumberExtractor - found: DN09HRM
[INFO ] 2021-06-04 20:44:24.291 [main] RegistrationNumberExtractor - found: BW57 BOW
[INFO ] 2021-06-04 20:44:24.291 [main] RegistrationNumberExtractor - found: KT17DLX
[INFO ] 2021-06-04 20:44:24.291 [main] RegistrationNumberExtractor - found: SG18 HTN
[INFO ] 2021-06-04 20:44:32.271 [main] RegistrationNumberExtractor - found: DN09HRM
[INFO ] 2021-06-04 20:44:32.271 [main] RegistrationNumberExtractor - found: BW57 BOW
[INFO ] 2021-06-04 20:44:32.271 [main] RegistrationNumberExtractor - found: KT17DLX
[INFO ] 2021-06-04 20:44:32.271 [main] RegistrationNumberExtractor - found: SG18 HTN
[INFO ] 2021-06-04 20:51:39.460 [main] RegistrationNumberExtractor - found: DN09HRM
[INFO ] 2021-06-04 20:51:39.463 [main] RegistrationNumberExtractor - found: BW57 BOW
[INFO ] 2021-06-04 20:51:39.464 [main] RegistrationNumberExtractor - found: KT17DLX
[INFO ] 2021-06-04 20:51:39.464 [main] RegistrationNumberExtractor - found: SG18 HTN
[INFO ] 2021-06-04 20:51:47.368 [main] RegistrationNumberExtractor - found: DN09HRM
[INFO ] 2021-06-04 20:51:47.368 [main] RegistrationNumberExtractor - found: BW57 BOW
[INFO ] 2021-06-04 20:51:47.368 [main] RegistrationNumberExtractor - found: KT17DLX
[INFO ] 2021-06-04 20:51:47.368 [main] RegistrationNumberExtractor - found: SG18 HTN
[INFO ] 2021-06-04 20:51:54.842 [main] RegistrationNumberExtractor - found: DN09HRM
[INFO ] 2021-06-04 20:51:54.842 [main] RegistrationNumberExtractor - found: BW57 BOW
[INFO ] 2021-06-04 20:51:54.842 [main] RegistrationNumberExtractor - found: KT17DLX
[INFO ] 2021-06-04 20:51:54.843 [main] RegistrationNumberExtractor - found: SG18 HTN
[INFO ] 2021-06-04 20:52:02.900 [main] RegistrationNumberExtractor - found: DN09HRM
[INFO ] 2021-06-04 20:52:02.900 [main] RegistrationNumberExtractor - found: BW57 BOW
[INFO ] 2021-06-04 20:52:02.900 [main] RegistrationNumberExtractor - found: KT17DLX
[INFO ] 2021-06-04 20:52:02.900 [main] RegistrationNumberExtractor - found: SG18 HTN
[INFO ] 2021-06-04 20:53:14.411 [main] RegistrationNumberExtractor - found: DN09HRM
[INFO ] 2021-06-04 20:53:14.413 [main] RegistrationNumberExtractor - found: BW57 BOW
[INFO ] 2021-06-04 20:53:14.415 [main] RegistrationNumberExtractor - found: KT17DLX
[INFO ] 2021-06-04 20:53:14.415 [main] RegistrationNumberExtractor - found: SG18 HTN
[INFO ] 2021-06-04 20:53:22.976 [main] RegistrationNumberExtractor - found: DN09HRM
[INFO ] 2021-06-04 20:53:22.976 [main] RegistrationNumberExtractor - found: BW57 BOW
[INFO ] 2021-06-04 20:53:22.977 [main] RegistrationNumberExtractor - found: KT17DLX
[INFO ] 2021-06-04 20:53:22.977 [main] RegistrationNumberExtractor - found: SG18 HTN
[INFO ] 2021-06-04 20:53:30.771 [main] RegistrationNumberExtractor - found: DN09HRM
[INFO ] 2021-06-04 20:53:30.771 [main] RegistrationNumberExtractor - found: BW57 BOW
[INFO ] 2021-06-04 20:53:30.771 [main] RegistrationNumberExtractor - found: KT17DLX
[INFO ] 2021-06-04 20:53:30.771 [main] RegistrationNumberExtractor - found: SG18 HTN
[INFO ] 2021-06-04 20:53:41.182 [main] RegistrationNumberExtractor - found: DN09HRM
[INFO ] 2021-06-04 20:53:41.182 [main] RegistrationNumberExtractor - found: BW57 BOW
[INFO ] 2021-06-04 20:53:41.182 [main] RegistrationNumberExtractor - found: KT17DLX
[INFO ] 2021-06-04 20:53:41.182 [main] RegistrationNumberExtractor - found: SG18 HTN
[INFO ] 2021-06-04 20:56:26.364 [main] RegistrationNumberExtractor - found: DN09HRM
[INFO ] 2021-06-04 20:56:26.367 [main] RegistrationNumberExtractor - found: BW57 BOW
[INFO ] 2021-06-04 20:56:26.368 [main] RegistrationNumberExtractor - found: KT17DLX
[INFO ] 2021-06-04 20:56:26.368 [main] RegistrationNumberExtractor - found: SG18 HTN
[INFO ] 2021-06-04 20:56:34.764 [main] RegistrationNumberExtractor - found: DN09HRM
[INFO ] 2021-06-04 20:56:34.765 [main] RegistrationNumberExtractor - found: BW57 BOW
[INFO ] 2021-06-04 20:56:34.765 [main] RegistrationNumberExtractor - found: KT17DLX
[INFO ] 2021-06-04 20:56:34.765 [main] RegistrationNumberExtractor - found: SG18 HTN
[INFO ] 2021-06-04 20:56:44.081 [main] RegistrationNumberExtractor - found: DN09HRM
[INFO ] 2021-06-04 20:56:44.081 [main] RegistrationNumberExtractor - found: BW57 BOW
[INFO ] 2021-06-04 20:56:44.081 [main] RegistrationNumberExtractor - found: KT17DLX
[INFO ] 2021-06-04 20:56:44.081 [main] RegistrationNumberExtractor - found: SG18 HTN
[INFO ] 2021-06-04 20:56:52.218 [main] RegistrationNumberExtractor - found: DN09HRM
[INFO ] 2021-06-04 20:56:52.218 [main] RegistrationNumberExtractor - found: BW57 BOW
[INFO ] 2021-06-04 20:56:52.218 [main] RegistrationNumberExtractor - found: KT17DLX
[INFO ] 2021-06-04 20:56:52.218 [main] RegistrationNumberExtractor - found: SG18 HTN
[INFO ] 2021-06-04 20:56:59.741 [main] RegistrationNumberExtractor - found: DN09HRM
[INFO ] 2021-06-04 20:56:59.741 [main] RegistrationNumberExtractor - found: BW57 BOW
[INFO ] 2021-06-04 20:56:59.741 [main] RegistrationNumberExtractor - found: KT17DLX
[INFO ] 2021-06-04 20:56:59.741 [main] RegistrationNumberExtractor - found: SG18 HTN
[INFO ] 2021-06-04 20:57:07.480 [main] RegistrationNumberExtractor - found: DN09HRM
[INFO ] 2021-06-04 20:57:07.481 [main] RegistrationNumberExtractor - found: BW57 BOW
[INFO ] 2021-06-04 20:57:07.481 [main] RegistrationNumberExtractor - found: KT17DLX
[INFO ] 2021-06-04 20:57:07.481 [main] RegistrationNumberExtractor - found: SG18 HTN
[INFO ] 2021-06-04 20:57:17.565 [main] RegistrationNumberExtractor - found: DN09HRM
[INFO ] 2021-06-04 20:57:17.565 [main] RegistrationNumberExtractor - found: BW57 BOW
[INFO ] 2021-06-04 20:57:17.565 [main] RegistrationNumberExtractor - found: KT17DLX
[INFO ] 2021-06-04 20:57:17.565 [main] RegistrationNumberExtractor - found: SG18 HTN
[INFO ] 2021-06-04 20:57:25.802 [main] RegistrationNumberExtractor - found: DN09HRM
[INFO ] 2021-06-04 20:57:25.802 [main] RegistrationNumberExtractor - found: BW57 BOW
[INFO ] 2021-06-04 20:57:25.802 [main] RegistrationNumberExtractor - found: KT17DLX
[INFO ] 2021-06-04 20:57:25.802 [main] RegistrationNumberExtractor - found: SG18 HTN
[INFO ] 2021-06-04 20:57:33.886 [main] RegistrationNumberExtractor - found: DN09HRM
[INFO ] 2021-06-04 20:57:33.886 [main] RegistrationNumberExtractor - found: BW57 BOW
[INFO ] 2021-06-04 20:57:33.886 [main] RegistrationNumberExtractor - found: KT17DLX
[INFO ] 2021-06-04 20:57:33.886 [main] RegistrationNumberExtractor - found: SG18 HTN
[INFO ] 2021-06-04 20:57:41.665 [main] RegistrationNumberExtractor - found: DN09HRM
[INFO ] 2021-06-04 20:57:41.665 [main] RegistrationNumberExtractor - found: BW57 BOW
[INFO ] 2021-06-04 20:57:41.665 [main] RegistrationNumberExtractor - found: KT17DLX
[INFO ] 2021-06-04 20:57:41.665 [main] RegistrationNumberExtractor - found: SG18 HTN
[INFO ] 2021-06-04 20:57:49.023 [main] RegistrationNumberExtractor - found: DN09HRM
[INFO ] 2021-06-04 20:57:49.023 [main] RegistrationNumberExtractor - found: BW57 BOW
[INFO ] 2021-06-04 20:57:49.023 [main] RegistrationNumberExtractor - found: KT17DLX
[INFO ] 2021-06-04 20:57:49.023 [main] RegistrationNumberExtractor - found: SG18 HTN
[INFO ] 2021-06-04 20:57:55.747 [main] RegistrationNumberExtractor - found: DN09HRM
[INFO ] 2021-06-04 20:57:55.747 [main] RegistrationNumberExtractor - found: BW57 BOW
[INFO ] 2021-06-04 20:57:55.747 [main] RegistrationNumberExtractor - found: KT17DLX
[INFO ] 2021-06-04 20:57:55.747 [main] RegistrationNumberExtractor - found: SG18 HTN
[INFO ] 2021-06-04 20:58:03.241 [main] RegistrationNumberExtractor - found: DN09HRM
[INFO ] 2021-06-04 20:58:03.241 [main] RegistrationNumberExtractor - found: BW57 BOW
[INFO ] 2021-06-04 20:58:03.241 [main] RegistrationNumberExtractor - found: KT17DLX
[INFO ] 2021-06-04 20:58:03.241 [main] RegistrationNumberExtractor - found: SG18 HTN
[INFO ] 2021-06-04 20:58:10.344 [main] RegistrationNumberExtractor - found: DN09HRM
[INFO ] 2021-06-04 20:58:10.344 [main] RegistrationNumberExtractor - found: BW57 BOW
[INFO ] 2021-06-04 20:58:10.344 [main] RegistrationNumberExtractor - found: KT17DLX
[INFO ] 2021-06-04 20:58:10.344 [main] RegistrationNumberExtractor - found: SG18 HTN
[INFO ] 2021-06-04 20:58:17.057 [main] RegistrationNumberExtractor - found: DN09HRM
[INFO ] 2021-06-04 20:58:17.057 [main] RegistrationNumberExtractor - found: BW57 BOW
[INFO ] 2021-06-04 20:58:17.057 [main] RegistrationNumberExtractor - found: KT17DLX
[INFO ] 2021-06-04 20:58:17.057 [main] RegistrationNumberExtractor - found: SG18 HTN
[INFO ] 2021-06-04 20:58:25.084 [main] RegistrationNumberExtractor - found: DN09HRM
[INFO ] 2021-06-04 20:58:25.084 [main] RegistrationNumberExtractor - found: BW57 BOW
[INFO ] 2021-06-04 20:58:25.084 [main] RegistrationNumberExtractor - found: KT17DLX
[INFO ] 2021-06-04 20:58:25.084 [main] RegistrationNumberExtractor - found: SG18 HTN
[INFO ] 2021-06-04 20:58:32.177 [main] RegistrationNumberExtractor - found: DN09HRM
[INFO ] 2021-06-04 20:58:32.177 [main] RegistrationNumberExtractor - found: BW57 BOW
[INFO ] 2021-06-04 20:58:32.177 [main] RegistrationNumberExtractor - found: KT17DLX
[INFO ] 2021-06-04 20:58:32.177 [main] RegistrationNumberExtractor - found: SG18 HTN
[INFO ] 2021-06-04 20:58:39.444 [main] RegistrationNumberExtractor - found: DN09HRM
[INFO ] 2021-06-04 20:58:39.444 [main] RegistrationNumberExtractor - found: BW57 BOW
[INFO ] 2021-06-04 20:58:39.444 [main] RegistrationNumberExtractor - found: KT17DLX
[INFO ] 2021-06-04 20:58:39.445 [main] RegistrationNumberExtractor - found: SG18 HTN
[INFO ] 2021-06-04 20:58:46.161 [main] RegistrationNumberExtractor - found: DN09HRM
[INFO ] 2021-06-04 20:58:46.161 [main] RegistrationNumberExtractor - found: BW57 BOW
[INFO ] 2021-06-04 20:58:46.161 [main] RegistrationNumberExtractor - found: KT17DLX
[INFO ] 2021-06-04 20:58:46.162 [main] RegistrationNumberExtractor - found: SG18 HTN
[INFO ] 2021-06-04 20:58:53.264 [main] RegistrationNumberExtractor - found: DN09HRM
[INFO ] 2021-06-04 20:58:53.264 [main] RegistrationNumberExtractor - found: BW57 BOW
[INFO ] 2021-06-04 20:58:53.265 [main] RegistrationNumberExtractor - found: KT17DLX
[INFO ] 2021-06-04 20:58:53.265 [main] RegistrationNumberExtractor - found: SG18 HTN
[INFO ] 2021-06-04 20:59:00.305 [main] RegistrationNumberExtractor - found: DN09HRM
[INFO ] 2021-06-04 20:59:00.305 [main] RegistrationNumberExtractor - found: BW57 BOW
[INFO ] 2021-06-04 20:59:00.306 [main] RegistrationNumberExtractor - found: KT17DLX
[INFO ] 2021-06-04 20:59:00.306 [main] RegistrationNumberExtractor - found: SG18 HTN
[INFO ] 2021-06-04 20:59:07.266 [main] RegistrationNumberExtractor - found: DN09HRM
[INFO ] 2021-06-04 20:59:07.266 [main] RegistrationNumberExtractor - found: BW57 BOW
[INFO ] 2021-06-04 20:59:07.266 [main] RegistrationNumberExtractor - found: KT17DLX
[INFO ] 2021-06-04 20:59:07.266 [main] RegistrationNumberExtractor - found: SG18 HTN
[INFO ] 2021-06-04 20:59:14.645 [main] RegistrationNumberExtractor - found: DN09HRM
[INFO ] 2021-06-04 20:59:14.645 [main] RegistrationNumberExtractor - found: BW57 BOW
[INFO ] 2021-06-04 20:59:14.645 [main] RegistrationNumberExtractor - found: KT17DLX
[INFO ] 2021-06-04 20:59:14.645 [main] RegistrationNumberExtractor - found: SG18 HTN
[INFO ] 2021-06-04 20:59:21.113 [main] RegistrationNumberExtractor - found: DN09HRM
[INFO ] 2021-06-04 20:59:21.113 [main] RegistrationNumberExtractor - found: BW57 BOW
[INFO ] 2021-06-04 20:59:21.113 [main] RegistrationNumberExtractor - found: KT17DLX
[INFO ] 2021-06-04 20:59:21.113 [main] RegistrationNumberExtractor - found: SG18 HTN
[INFO ] 2021-06-04 21:01:56.912 [main] RegistrationNumberExtractor - found: DN09HRM
[INFO ] 2021-06-04 21:01:56.914 [main] RegistrationNumberExtractor - found: BW57 BOW
[INFO ] 2021-06-04 21:01:56.916 [main] RegistrationNumberExtractor - found: KT17DLX
[INFO ] 2021-06-04 21:01:56.916 [main] RegistrationNumberExtractor - found: SG18 HTN
[INFO ] 2021-06-04 21:02:03.689 [main] RegistrationNumberExtractor - found: DN09HRM
[INFO ] 2021-06-04 21:02:03.689 [main] RegistrationNumberExtractor - found: BW57 BOW
[INFO ] 2021-06-04 21:02:03.689 [main] RegistrationNumberExtractor - found: KT17DLX
[INFO ] 2021-06-04 21:02:03.689 [main] RegistrationNumberExtractor - found: SG18 HTN
[INFO ] 2021-06-04 21:02:10.988 [main] RegistrationNumberExtractor - found: DN09HRM
[INFO ] 2021-06-04 21:02:10.988 [main] RegistrationNumberExtractor - found: BW57 BOW
[INFO ] 2021-06-04 21:02:10.988 [main] RegistrationNumberExtractor - found: KT17DLX
[INFO ] 2021-06-04 21:02:10.988 [main] RegistrationNumberExtractor - found: SG18 HTN
[INFO ] 2021-06-04 21:02:17.759 [main] RegistrationNumberExtractor - found: DN09HRM
[INFO ] 2021-06-04 21:02:17.759 [main] RegistrationNumberExtractor - found: BW57 BOW
[INFO ] 2021-06-04 21:02:17.759 [main] RegistrationNumberExtractor - found: KT17DLX
[INFO ] 2021-06-04 21:02:17.759 [main] RegistrationNumberExtractor - found: SG18 HTN
[INFO ] 2021-06-04 21:03:32.784 [main] RegistrationNumberExtractor - found: DN09HRM
[INFO ] 2021-06-04 21:03:32.787 [main] RegistrationNumberExtractor - found: BW57 BOW
[INFO ] 2021-06-04 21:03:32.788 [main] RegistrationNumberExtractor - found: KT17DLX
[INFO ] 2021-06-04 21:03:32.789 [main] RegistrationNumberExtractor - found: SG18 HTN
[INFO ] 2021-06-04 21:03:40.826 [main] RegistrationNumberExtractor - found: DN09HRM
[INFO ] 2021-06-04 21:03:40.826 [main] RegistrationNumberExtractor - found: BW57 BOW
[INFO ] 2021-06-04 21:03:40.826 [main] RegistrationNumberExtractor - found: KT17DLX
[INFO ] 2021-06-04 21:03:40.826 [main] RegistrationNumberExtractor - found: SG18 HTN
[INFO ] 2021-06-04 21:03:50.420 [main] RegistrationNumberExtractor - found: DN09HRM
[INFO ] 2021-06-04 21:03:50.420 [main] RegistrationNumberExtractor - found: BW57 BOW
[INFO ] 2021-06-04 21:03:50.420 [main] RegistrationNumberExtractor - found: KT17DLX
[INFO ] 2021-06-04 21:03:50.420 [main] RegistrationNumberExtractor - found: SG18 HTN
[INFO ] 2021-06-04 21:03:59.703 [main] RegistrationNumberExtractor - found: DN09HRM
[INFO ] 2021-06-04 21:03:59.703 [main] RegistrationNumberExtractor - found: BW57 BOW
[INFO ] 2021-06-04 21:03:59.703 [main] RegistrationNumberExtractor - found: KT17DLX
[INFO ] 2021-06-04 21:03:59.703 [main] RegistrationNumberExtractor - found: SG18 HTN
[INFO ] 2021-06-04 21:04:42.465 [main] RegistrationNumberExtractor - found: DN09HRM
[INFO ] 2021-06-04 21:04:42.467 [main] RegistrationNumberExtractor - found: BW57 BOW
[INFO ] 2021-06-04 21:04:42.469 [main] RegistrationNumberExtractor - found: KT17DLX
[INFO ] 2021-06-04 21:04:42.469 [main] RegistrationNumberExtractor - found: SG18 HTN
[INFO ] 2021-06-04 21:04:50.534 [main] RegistrationNumberExtractor - found: DN09HRM
[INFO ] 2021-06-04 21:04:50.534 [main] RegistrationNumberExtractor - found: BW57 BOW
[INFO ] 2021-06-04 21:04:50.536 [main] RegistrationNumberExtractor - found: KT17DLX
[INFO ] 2021-06-04 21:04:50.536 [main] RegistrationNumberExtractor - found: SG18 HTN
[INFO ] 2021-06-04 21:04:57.407 [main] RegistrationNumberExtractor - found: DN09HRM
[INFO ] 2021-06-04 21:04:57.407 [main] RegistrationNumberExtractor - found: BW57 BOW
[INFO ] 2021-06-04 21:04:57.408 [main] RegistrationNumberExtractor - found: KT17DLX
[INFO ] 2021-06-04 21:04:57.408 [main] RegistrationNumberExtractor - found: SG18 HTN
[INFO ] 2021-06-04 21:05:03.795 [main] RegistrationNumberExtractor - found: DN09HRM
[INFO ] 2021-06-04 21:05:03.795 [main] RegistrationNumberExtractor - found: BW57 BOW
[INFO ] 2021-06-04 21:05:03.795 [main] RegistrationNumberExtractor - found: KT17DLX
[INFO ] 2021-06-04 21:05:03.795 [main] RegistrationNumberExtractor - found: SG18 HTN
[INFO ] 2021-06-04 21:05:53.357 [main] RegistrationNumberExtractor - found: DN09HRM
[INFO ] 2021-06-04 21:05:53.360 [main] RegistrationNumberExtractor - found: BW57 BOW
[INFO ] 2021-06-04 21:05:53.361 [main] RegistrationNumberExtractor - found: KT17DLX
[INFO ] 2021-06-04 21:05:53.361 [main] RegistrationNumberExtractor - found: SG18 HTN
[INFO ] 2021-06-04 21:06:01.160 [main] RegistrationNumberExtractor - found: DN09HRM
[INFO ] 2021-06-04 21:06:01.161 [main] RegistrationNumberExtractor - found: BW57 BOW
[INFO ] 2021-06-04 21:06:01.162 [main] RegistrationNumberExtractor - found: KT17DLX
[INFO ] 2021-06-04 21:06:01.162 [main] RegistrationNumberExtractor - found: SG18 HTN
[INFO ] 2021-06-04 21:06:08.047 [main] RegistrationNumberExtractor - found: DN09HRM
[INFO ] 2021-06-04 21:06:08.047 [main] RegistrationNumberExtractor - found: BW57 BOW
[INFO ] 2021-06-04 21:06:08.047 [main] RegistrationNumberExtractor - found: KT17DLX
[INFO ] 2021-06-04 21:06:08.047 [main] RegistrationNumberExtractor - found: SG18 HTN
[INFO ] 2021-06-04 21:06:15.178 [main] RegistrationNumberExtractor - found: DN09HRM
[INFO ] 2021-06-04 21:06:15.179 [main] RegistrationNumberExtractor - found: BW57 BOW
[INFO ] 2021-06-04 21:06:15.179 [main] RegistrationNumberExtractor - found: KT17DLX
[INFO ] 2021-06-04 21:06:15.179 [main] RegistrationNumberExtractor - found: SG18 HTN
[INFO ] 2021-06-04 21:09:58.857 [main] RegistrationNumberExtractor - found: DN09HRM
[INFO ] 2021-06-04 21:09:58.859 [main] RegistrationNumberExtractor - found: BW57 BOW
[INFO ] 2021-06-04 21:09:58.861 [main] RegistrationNumberExtractor - found: KT17DLX
[INFO ] 2021-06-04 21:09:58.861 [main] RegistrationNumberExtractor - found: SG18 HTN
[INFO ] 2021-06-04 21:10:08.981 [main] RegistrationNumberExtractor - found: DN09HRM
[INFO ] 2021-06-04 21:10:08.981 [main] RegistrationNumberExtractor - found: BW57 BOW
[INFO ] 2021-06-04 21:10:08.981 [main] RegistrationNumberExtractor - found: KT17DLX
[INFO ] 2021-06-04 21:10:08.981 [main] RegistrationNumberExtractor - found: SG18 HTN
[INFO ] 2021-06-04 21:10:17.813 [main] RegistrationNumberExtractor - found: DN09HRM
[INFO ] 2021-06-04 21:10:17.813 [main] RegistrationNumberExtractor - found: BW57 BOW
[INFO ] 2021-06-04 21:10:17.813 [main] RegistrationNumberExtractor - found: KT17DLX
[INFO ] 2021-06-04 21:10:17.813 [main] RegistrationNumberExtractor - found: SG18 HTN
[INFO ] 2021-06-04 21:10:59.782 [main] RegistrationNumberExtractor - found: DN09HRM
[INFO ] 2021-06-04 21:10:59.784 [main] RegistrationNumberExtractor - found: BW57 BOW
[INFO ] 2021-06-04 21:10:59.785 [main] RegistrationNumberExtractor - found: KT17DLX
[INFO ] 2021-06-04 21:10:59.785 [main] RegistrationNumberExtractor - found: SG18 HTN
[INFO ] 2021-06-04 21:11:08.558 [main] RegistrationNumberExtractor - found: DN09HRM
[INFO ] 2021-06-04 21:11:08.558 [main] RegistrationNumberExtractor - found: BW57 BOW
[INFO ] 2021-06-04 21:11:08.558 [main] RegistrationNumberExtractor - found: KT17DLX
[INFO ] 2021-06-04 21:11:08.559 [main] RegistrationNumberExtractor - found: SG18 HTN
[INFO ] 2021-06-04 21:11:16.829 [main] RegistrationNumberExtractor - found: DN09HRM
[INFO ] 2021-06-04 21:11:16.829 [main] RegistrationNumberExtractor - found: BW57 BOW
[INFO ] 2021-06-04 21:11:16.829 [main] RegistrationNumberExtractor - found: KT17DLX
[INFO ] 2021-06-04 21:11:16.829 [main] RegistrationNumberExtractor - found: SG18 HTN
[INFO ] 2021-06-04 21:11:24.607 [main] RegistrationNumberExtractor - found: DN09HRM
[INFO ] 2021-06-04 21:11:24.607 [main] RegistrationNumberExtractor - found: BW57 BOW
[INFO ] 2021-06-04 21:11:24.607 [main] RegistrationNumberExtractor - found: KT17DLX
[INFO ] 2021-06-04 21:11:24.607 [main] RegistrationNumberExtractor - found: SG18 HTN
[INFO ] 2021-06-04 21:12:37.243 [main] RegistrationNumberExtractor - found: DN09HRM
[INFO ] 2021-06-04 21:12:37.246 [main] RegistrationNumberExtractor - found: BW57 BOW
[INFO ] 2021-06-04 21:12:37.247 [main] RegistrationNumberExtractor - found: KT17DLX
[INFO ] 2021-06-04 21:12:37.247 [main] RegistrationNumberExtractor - found: SG18 HTN
[INFO ] 2021-06-04 21:12:47.099 [main] RegistrationNumberExtractor - found: DN09HRM
[INFO ] 2021-06-04 21:12:47.099 [main] RegistrationNumberExtractor - found: BW57 BOW
[INFO ] 2021-06-04 21:12:47.099 [main] RegistrationNumberExtractor - found: KT17DLX
[INFO ] 2021-06-04 21:12:47.099 [main] RegistrationNumberExtractor - found: SG18 HTN
[INFO ] 2021-06-04 21:12:57.058 [main] RegistrationNumberExtractor - found: DN09HRM
[INFO ] 2021-06-04 21:12:57.058 [main] RegistrationNumberExtractor - found: BW57 BOW
[INFO ] 2021-06-04 21:12:57.058 [main] RegistrationNumberExtractor - found: KT17DLX
[INFO ] 2021-06-04 21:12:57.058 [main] RegistrationNumberExtractor - found: SG18 HTN
[INFO ] 2021-06-04 21:13:04.555 [main] RegistrationNumberExtractor - found: DN09HRM
[INFO ] 2021-06-04 21:13:04.555 [main] RegistrationNumberExtractor - found: BW57 BOW
[INFO ] 2021-06-04 21:13:04.556 [main] RegistrationNumberExtractor - found: KT17DLX
[INFO ] 2021-06-04 21:13:04.556 [main] RegistrationNumberExtractor - found: SG18 HTN
[INFO ] 2021-06-04 21:13:46.105 [main] RegistrationNumberExtractor - found: DN09HRM
[INFO ] 2021-06-04 21:13:46.107 [main] RegistrationNumberExtractor - found: BW57 BOW
[INFO ] 2021-06-04 21:13:46.109 [main] RegistrationNumberExtractor - found: KT17DLX
[INFO ] 2021-06-04 21:13:46.109 [main] RegistrationNumberExtractor - found: SG18 HTN
[INFO ] 2021-06-04 21:13:53.237 [main] RegistrationNumberExtractor - found: DN09HRM
[INFO ] 2021-06-04 21:13:53.237 [main] RegistrationNumberExtractor - found: BW57 BOW
[INFO ] 2021-06-04 21:13:53.237 [main] RegistrationNumberExtractor - found: KT17DLX
[INFO ] 2021-06-04 21:13:53.237 [main] RegistrationNumberExtractor - found: SG18 HTN
[INFO ] 2021-06-04 21:14:00.485 [main] RegistrationNumberExtractor - found: DN09HRM
[INFO ] 2021-06-04 21:14:00.485 [main] RegistrationNumberExtractor - found: BW57 BOW
[INFO ] 2021-06-04 21:14:00.485 [main] RegistrationNumberExtractor - found: KT17DLX
[INFO ] 2021-06-04 21:14:00.485 [main] RegistrationNumberExtractor - found: SG18 HTN
[INFO ] 2021-06-04 21:14:08.181 [main] RegistrationNumberExtractor - found: DN09HRM
[INFO ] 2021-06-04 21:14:08.181 [main] RegistrationNumberExtractor - found: BW57 BOW
[INFO ] 2021-06-04 21:14:08.181 [main] RegistrationNumberExtractor - found: KT17DLX
[INFO ] 2021-06-04 21:14:08.181 [main] RegistrationNumberExtractor - found: SG18 HTN
[INFO ] 2021-06-04 21:14:25.642 [main] RegistrationNumberExtractor - found: DN09HRM
[INFO ] 2021-06-04 21:14:25.644 [main] RegistrationNumberExtractor - found: BW57 BOW
[INFO ] 2021-06-04 21:14:25.646 [main] RegistrationNumberExtractor - found: KT17DLX
[INFO ] 2021-06-04 21:14:25.646 [main] RegistrationNumberExtractor - found: SG18 HTN
[INFO ] 2021-06-04 21:14:38.416 [main] RegistrationNumberExtractor - found: DN09HRM
[INFO ] 2021-06-04 21:14:38.418 [main] RegistrationNumberExtractor - found: BW57 BOW
[INFO ] 2021-06-04 21:14:38.419 [main] RegistrationNumberExtractor - found: KT17DLX
[INFO ] 2021-06-04 21:14:38.419 [main] RegistrationNumberExtractor - found: SG18 HTN
[INFO ] 2021-06-04 21:14:45.779 [main] RegistrationNumberExtractor - found: DN09HRM
[INFO ] 2021-06-04 21:14:45.779 [main] RegistrationNumberExtractor - found: BW57 BOW
[INFO ] 2021-06-04 21:14:45.781 [main] RegistrationNumberExtractor - found: KT17DLX
[INFO ] 2021-06-04 21:14:45.781 [main] RegistrationNumberExtractor - found: SG18 HTN
[INFO ] 2021-06-04 21:14:55.328 [main] RegistrationNumberExtractor - found: DN09HRM
[INFO ] 2021-06-04 21:14:55.329 [main] RegistrationNumberExtractor - found: BW57 BOW
[INFO ] 2021-06-04 21:14:55.329 [main] RegistrationNumberExtractor - found: KT17DLX
[INFO ] 2021-06-04 21:14:55.329 [main] RegistrationNumberExtractor - found: SG18 HTN
[INFO ] 2021-06-04 21:15:03.185 [main] RegistrationNumberExtractor - found: DN09HRM
[INFO ] 2021-06-04 21:15:03.185 [main] RegistrationNumberExtractor - found: BW57 BOW
[INFO ] 2021-06-04 21:15:03.185 [main] RegistrationNumberExtractor - found: KT17DLX
[INFO ] 2021-06-04 21:15:03.185 [main] RegistrationNumberExtractor - found: SG18 HTN
[INFO ] 2021-06-04 21:15:30.611 [main] RegistrationNumberExtractor - found: DN09HRM
[INFO ] 2021-06-04 21:15:30.615 [main] RegistrationNumberExtractor - found: BW57 BOW
[INFO ] 2021-06-04 21:15:30.616 [main] RegistrationNumberExtractor - found: KT17DLX
[INFO ] 2021-06-04 21:15:30.616 [main] RegistrationNumberExtractor - found: SG18 HTN
[INFO ] 2021-06-04 21:15:38.044 [main] RegistrationNumberExtractor - found: DN09HRM
[INFO ] 2021-06-04 21:15:38.044 [main] RegistrationNumberExtractor - found: BW57 BOW
[INFO ] 2021-06-04 21:15:38.044 [main] RegistrationNumberExtractor - found: KT17DLX
[INFO ] 2021-06-04 21:15:38.044 [main] RegistrationNumberExtractor - found: SG18 HTN
[INFO ] 2021-06-04 21:15:45.422 [main] RegistrationNumberExtractor - found: DN09HRM
[INFO ] 2021-06-04 21:15:45.422 [main] RegistrationNumberExtractor - found: BW57 BOW
[INFO ] 2021-06-04 21:15:45.422 [main] RegistrationNumberExtractor - found: KT17DLX
[INFO ] 2021-06-04 21:15:45.422 [main] RegistrationNumberExtractor - found: SG18 HTN
[INFO ] 2021-06-04 21:16:19.844 [main] RegistrationNumberExtractor - found: DN09HRM
[INFO ] 2021-06-04 21:16:19.847 [main] RegistrationNumberExtractor - found: BW57 BOW
[INFO ] 2021-06-04 21:16:19.848 [main] RegistrationNumberExtractor - found: KT17DLX
[INFO ] 2021-06-04 21:16:19.848 [main] RegistrationNumberExtractor - found: SG18 HTN
[INFO ] 2021-06-04 21:16:28.598 [main] RegistrationNumberExtractor - found: DN09HRM
[INFO ] 2021-06-04 21:16:28.598 [main] RegistrationNumberExtractor - found: BW57 BOW
[INFO ] 2021-06-04 21:16:28.598 [main] RegistrationNumberExtractor - found: KT17DLX
[INFO ] 2021-06-04 21:16:28.598 [main] RegistrationNumberExtractor - found: SG18 HTN
[INFO ] 2021-06-04 21:16:36.629 [main] RegistrationNumberExtractor - found: DN09HRM
[INFO ] 2021-06-04 21:16:36.629 [main] RegistrationNumberExtractor - found: BW57 BOW
[INFO ] 2021-06-04 21:16:36.629 [main] RegistrationNumberExtractor - found: KT17DLX
[INFO ] 2021-06-04 21:16:36.630 [main] RegistrationNumberExtractor - found: SG18 HTN
[INFO ] 2021-06-04 21:16:44.139 [main] RegistrationNumberExtractor - found: DN09HRM
[INFO ] 2021-06-04 21:16:44.139 [main] RegistrationNumberExtractor - found: BW57 BOW
[INFO ] 2021-06-04 21:16:44.139 [main] RegistrationNumberExtractor - found: KT17DLX
[INFO ] 2021-06-04 21:16:44.139 [main] RegistrationNumberExtractor - found: SG18 HTN
[INFO ] 2021-06-04 21:16:52.040 [main] RegistrationNumberExtractor - found: DN09HRM
[INFO ] 2021-06-04 21:16:52.040 [main] RegistrationNumberExtractor - found: BW57 BOW
[INFO ] 2021-06-04 21:16:52.040 [main] RegistrationNumberExtractor - found: KT17DLX
[INFO ] 2021-06-04 21:16:52.040 [main] RegistrationNumberExtractor - found: SG18 HTN
[INFO ] 2021-06-04 21:16:59.803 [main] RegistrationNumberExtractor - found: DN09HRM
[INFO ] 2021-06-04 21:16:59.803 [main] RegistrationNumberExtractor - found: BW57 BOW
[INFO ] 2021-06-04 21:16:59.803 [main] RegistrationNumberExtractor - found: KT17DLX
[INFO ] 2021-06-04 21:16:59.803 [main] RegistrationNumberExtractor - found: SG18 HTN
[INFO ] 2021-06-04 21:17:07.290 [main] RegistrationNumberExtractor - found: DN09HRM
[INFO ] 2021-06-04 21:17:07.291 [main] RegistrationNumberExtractor - found: BW57 BOW
[INFO ] 2021-06-04 21:17:07.291 [main] RegistrationNumberExtractor - found: KT17DLX
[INFO ] 2021-06-04 21:17:07.291 [main] RegistrationNumberExtractor - found: SG18 HTN
[INFO ] 2021-06-04 21:17:15.578 [main] RegistrationNumberExtractor - found: DN09HRM
[INFO ] 2021-06-04 21:17:15.578 [main] RegistrationNumberExtractor - found: BW57 BOW
[INFO ] 2021-06-04 21:17:15.578 [main] RegistrationNumberExtractor - found: KT17DLX
[INFO ] 2021-06-04 21:17:15.578 [main] RegistrationNumberExtractor - found: SG18 HTN
[INFO ] 2021-06-04 21:17:24.063 [main] RegistrationNumberExtractor - found: DN09HRM
[INFO ] 2021-06-04 21:17:24.063 [main] RegistrationNumberExtractor - found: BW57 BOW
[INFO ] 2021-06-04 21:17:24.064 [main] RegistrationNumberExtractor - found: KT17DLX
[INFO ] 2021-06-04 21:17:24.064 [main] RegistrationNumberExtractor - found: SG18 HTN
[INFO ] 2021-06-04 21:17:32.475 [main] RegistrationNumberExtractor - found: DN09HRM
[INFO ] 2021-06-04 21:17:32.476 [main] RegistrationNumberExtractor - found: BW57 BOW
[INFO ] 2021-06-04 21:17:32.476 [main] RegistrationNumberExtractor - found: KT17DLX
[INFO ] 2021-06-04 21:17:32.476 [main] RegistrationNumberExtractor - found: SG18 HTN
[INFO ] 2021-06-04 21:17:40.088 [main] RegistrationNumberExtractor - found: DN09HRM
[INFO ] 2021-06-04 21:17:40.088 [main] RegistrationNumberExtractor - found: BW57 BOW
[INFO ] 2021-06-04 21:17:40.088 [main] RegistrationNumberExtractor - found: KT17DLX
[INFO ] 2021-06-04 21:17:40.088 [main] RegistrationNumberExtractor - found: SG18 HTN
[INFO ] 2021-06-04 21:17:47.934 [main] RegistrationNumberExtractor - found: DN09HRM
[INFO ] 2021-06-04 21:17:47.934 [main] RegistrationNumberExtractor - found: BW57 BOW
[INFO ] 2021-06-04 21:17:47.934 [main] RegistrationNumberExtractor - found: KT17DLX
[INFO ] 2021-06-04 21:17:47.934 [main] RegistrationNumberExtractor - found: SG18 HTN
[INFO ] 2021-06-04 21:17:58.342 [main] RegistrationNumberExtractor - found: DN09HRM
[INFO ] 2021-06-04 21:17:58.342 [main] RegistrationNumberExtractor - found: BW57 BOW
[INFO ] 2021-06-04 21:17:58.342 [main] RegistrationNumberExtractor - found: KT17DLX
[INFO ] 2021-06-04 21:17:58.342 [main] RegistrationNumberExtractor - found: SG18 HTN
[INFO ] 2021-06-04 21:18:05.845 [main] RegistrationNumberExtractor - found: DN09HRM
[INFO ] 2021-06-04 21:18:05.845 [main] RegistrationNumberExtractor - found: BW57 BOW
[INFO ] 2021-06-04 21:18:05.845 [main] RegistrationNumberExtractor - found: KT17DLX
[INFO ] 2021-06-04 21:18:05.845 [main] RegistrationNumberExtractor - found: SG18 HTN
[INFO ] 2021-06-04 21:18:13.911 [main] RegistrationNumberExtractor - found: DN09HRM
[INFO ] 2021-06-04 21:18:13.911 [main] RegistrationNumberExtractor - found: BW57 BOW
[INFO ] 2021-06-04 21:18:13.911 [main] RegistrationNumberExtractor - found: KT17DLX
[INFO ] 2021-06-04 21:18:13.911 [main] RegistrationNumberExtractor - found: SG18 HTN
[INFO ] 2021-06-04 21:18:22.017 [main] RegistrationNumberExtractor - found: DN09HRM
[INFO ] 2021-06-04 21:18:22.017 [main] RegistrationNumberExtractor - found: BW57 BOW
[INFO ] 2021-06-04 21:18:22.017 [main] RegistrationNumberExtractor - found: KT17DLX
[INFO ] 2021-06-04 21:18:22.017 [main] RegistrationNumberExtractor - found: SG18 HTN
[INFO ] 2021-06-04 21:18:30.011 [main] RegistrationNumberExtractor - found: DN09HRM
[INFO ] 2021-06-04 21:18:30.011 [main] RegistrationNumberExtractor - found: BW57 BOW
[INFO ] 2021-06-04 21:18:30.011 [main] RegistrationNumberExtractor - found: KT17DLX
[INFO ] 2021-06-04 21:18:30.011 [main] RegistrationNumberExtractor - found: SG18 HTN
[INFO ] 2021-06-04 21:18:37.936 [main] RegistrationNumberExtractor - found: DN09HRM
[INFO ] 2021-06-04 21:18:37.936 [main] RegistrationNumberExtractor - found: BW57 BOW
[INFO ] 2021-06-04 21:18:37.937 [main] RegistrationNumberExtractor - found: KT17DLX
[INFO ] 2021-06-04 21:18:37.937 [main] RegistrationNumberExtractor - found: SG18 HTN
[INFO ] 2021-06-04 21:18:46.285 [main] RegistrationNumberExtractor - found: DN09HRM
[INFO ] 2021-06-04 21:18:46.285 [main] RegistrationNumberExtractor - found: BW57 BOW
[INFO ] 2021-06-04 21:18:46.285 [main] RegistrationNumberExtractor - found: KT17DLX
[INFO ] 2021-06-04 21:18:46.285 [main] RegistrationNumberExtractor - found: SG18 HTN
[INFO ] 2021-06-04 21:18:54.583 [main] RegistrationNumberExtractor - found: DN09HRM
[INFO ] 2021-06-04 21:18:54.584 [main] RegistrationNumberExtractor - found: BW57 BOW
[INFO ] 2021-06-04 21:18:54.584 [main] RegistrationNumberExtractor - found: KT17DLX
[INFO ] 2021-06-04 21:18:54.584 [main] RegistrationNumberExtractor - found: SG18 HTN
[INFO ] 2021-06-04 21:19:02.508 [main] RegistrationNumberExtractor - found: DN09HRM
[INFO ] 2021-06-04 21:19:02.508 [main] RegistrationNumberExtractor - found: BW57 BOW
[INFO ] 2021-06-04 21:19:02.508 [main] RegistrationNumberExtractor - found: KT17DLX
[INFO ] 2021-06-04 21:19:02.508 [main] RegistrationNumberExtractor - found: SG18 HTN
[INFO ] 2021-06-04 21:19:09.926 [main] RegistrationNumberExtractor - found: DN09HRM
[INFO ] 2021-06-04 21:19:09.926 [main] RegistrationNumberExtractor - found: BW57 BOW
[INFO ] 2021-06-04 21:19:09.926 [main] RegistrationNumberExtractor - found: KT17DLX
[INFO ] 2021-06-04 21:19:09.926 [main] RegistrationNumberExtractor - found: SG18 HTN
[INFO ] 2021-06-04 21:19:17.751 [main] RegistrationNumberExtractor - found: DN09HRM
[INFO ] 2021-06-04 21:19:17.751 [main] RegistrationNumberExtractor - found: BW57 BOW
[INFO ] 2021-06-04 21:19:17.751 [main] RegistrationNumberExtractor - found: KT17DLX
[INFO ] 2021-06-04 21:19:17.752 [main] RegistrationNumberExtractor - found: SG18 HTN
[INFO ] 2021-06-04 21:19:25.278 [main] RegistrationNumberExtractor - found: DN09HRM
[INFO ] 2021-06-04 21:19:25.278 [main] RegistrationNumberExtractor - found: BW57 BOW
[INFO ] 2021-06-04 21:19:25.278 [main] RegistrationNumberExtractor - found: KT17DLX
[INFO ] 2021-06-04 21:19:25.278 [main] RegistrationNumberExtractor - found: SG18 HTN
[INFO ] 2021-06-04 21:34:15.405 [main] RegistrationNumberExtractor - found: DN09HRM
[INFO ] 2021-06-04 21:34:15.407 [main] RegistrationNumberExtractor - found: BW57 BOW
[INFO ] 2021-06-04 21:34:15.408 [main] RegistrationNumberExtractor - found: KT17DLX
[INFO ] 2021-06-04 21:34:15.408 [main] RegistrationNumberExtractor - found: SG18 HTN
[INFO ] 2021-06-04 21:34:23.294 [main] RegistrationNumberExtractor - found: DN09HRM
[INFO ] 2021-06-04 21:34:23.295 [main] RegistrationNumberExtractor - found: BW57 BOW
[INFO ] 2021-06-04 21:34:23.295 [main] RegistrationNumberExtractor - found: KT17DLX
[INFO ] 2021-06-04 21:34:23.295 [main] RegistrationNumberExtractor - found: SG18 HTN
[INFO ] 2021-06-04 21:34:31.819 [main] RegistrationNumberExtractor - found: DN09HRM
[INFO ] 2021-06-04 21:34:31.819 [main] RegistrationNumberExtractor - found: BW57 BOW
[INFO ] 2021-06-04 21:34:31.820 [main] RegistrationNumberExtractor - found: KT17DLX
[INFO ] 2021-06-04 21:34:31.820 [main] RegistrationNumberExtractor - found: SG18 HTN
[INFO ] 2021-06-04 21:34:39.206 [main] RegistrationNumberExtractor - found: DN09HRM
[INFO ] 2021-06-04 21:34:39.206 [main] RegistrationNumberExtractor - found: BW57 BOW
[INFO ] 2021-06-04 21:34:39.206 [main] RegistrationNumberExtractor - found: KT17DLX
[INFO ] 2021-06-04 21:34:39.206 [main] RegistrationNumberExtractor - found: SG18 HTN
[INFO ] 2021-06-04 21:48:57.466 [main] RegistrationNumberExtractor - found: DN09HRM
[INFO ] 2021-06-04 21:48:57.468 [main] RegistrationNumberExtractor - found: BW57 BOW
[INFO ] 2021-06-04 21:48:57.470 [main] RegistrationNumberExtractor - found: KT17DLX
[INFO ] 2021-06-04 21:48:57.470 [main] RegistrationNumberExtractor - found: SG18 HTN
[INFO ] 2021-06-04 21:50:07.585 [main] RegistrationNumberExtractor - found: DN09HRM
[INFO ] 2021-06-04 21:50:07.587 [main] RegistrationNumberExtractor - found: BW57 BOW
[INFO ] 2021-06-04 21:50:07.588 [main] RegistrationNumberExtractor - found: KT17DLX
[INFO ] 2021-06-04 21:50:07.588 [main] RegistrationNumberExtractor - found: SG18 HTN
[INFO ] 2021-06-04 21:50:16.508 [main] RegistrationNumberExtractor - found: DN09HRM
[INFO ] 2021-06-04 21:50:16.508 [main] RegistrationNumberExtractor - found: BW57 BOW
[INFO ] 2021-06-04 21:50:16.509 [main] RegistrationNumberExtractor - found: KT17DLX
[INFO ] 2021-06-04 21:50:16.509 [main] RegistrationNumberExtractor - found: SG18 HTN
[INFO ] 2021-06-04 21:50:25.990 [main] RegistrationNumberExtractor - found: DN09HRM
[INFO ] 2021-06-04 21:50:25.990 [main] RegistrationNumberExtractor - found: BW57 BOW
[INFO ] 2021-06-04 21:50:25.990 [main] RegistrationNumberExtractor - found: KT17DLX
[INFO ] 2021-06-04 21:50:25.991 [main] RegistrationNumberExtractor - found: SG18 HTN
[INFO ] 2021-06-04 21:50:34.074 [main] RegistrationNumberExtractor - found: DN09HRM
[INFO ] 2021-06-04 21:50:34.074 [main] RegistrationNumberExtractor - found: BW57 BOW
[INFO ] 2021-06-04 21:50:34.074 [main] RegistrationNumberExtractor - found: KT17DLX
[INFO ] 2021-06-04 21:50:34.074 [main] RegistrationNumberExtractor - found: SG18 HTN
[INFO ] 2021-06-04 21:57:21.276 [main] RegistrationNumberExtractor - found: DN09HRM
[INFO ] 2021-06-04 21:57:21.279 [main] RegistrationNumberExtractor - found: BW57 BOW
[INFO ] 2021-06-04 21:57:21.281 [main] RegistrationNumberExtractor - found: KT17DLX
[INFO ] 2021-06-04 21:57:21.281 [main] RegistrationNumberExtractor - found: SG18 HTN
[INFO ] 2021-06-04 22:00:42.615 [main] RegistrationNumberExtractor - found: DN09HRM
[INFO ] 2021-06-04 22:00:42.618 [main] RegistrationNumberExtractor - found: BW57 BOW
[INFO ] 2021-06-04 22:00:42.620 [main] RegistrationNumberExtractor - found: KT17DLX
[INFO ] 2021-06-04 22:00:42.620 [main] RegistrationNumberExtractor - found: SG18 HTN
[INFO ] 2021-06-04 22:00:54.606 [main] RegistrationNumberExtractor - found: DN09HRM
[INFO ] 2021-06-04 22:00:54.606 [main] RegistrationNumberExtractor - found: BW57 BOW
[INFO ] 2021-06-04 22:00:54.606 [main] RegistrationNumberExtractor - found: KT17DLX
[INFO ] 2021-06-04 22:00:54.606 [main] RegistrationNumberExtractor - found: SG18 HTN
[INFO ] 2021-06-04 22:01:05.042 [main] RegistrationNumberExtractor - found: DN09HRM
[INFO ] 2021-06-04 22:01:05.042 [main] RegistrationNumberExtractor - found: BW57 BOW
[INFO ] 2021-06-04 22:01:05.042 [main] RegistrationNumberExtractor - found: KT17DLX
[INFO ] 2021-06-04 22:01:05.042 [main] RegistrationNumberExtractor - found: SG18 HTN
[INFO ] 2021-06-04 22:01:13.071 [main] RegistrationNumberExtractor - found: DN09HRM
[INFO ] 2021-06-04 22:01:13.071 [main] RegistrationNumberExtractor - found: BW57 BOW
[INFO ] 2021-06-04 22:01:13.071 [main] RegistrationNumberExtractor - found: KT17DLX
[INFO ] 2021-06-04 22:01:13.071 [main] RegistrationNumberExtractor - found: SG18 HTN
[INFO ] 2021-06-04 22:01:21.413 [main] RegistrationNumberExtractor - found: DN09HRM
[INFO ] 2021-06-04 22:01:21.413 [main] RegistrationNumberExtractor - found: BW57 BOW
[INFO ] 2021-06-04 22:01:21.413 [main] RegistrationNumberExtractor - found: KT17DLX
[INFO ] 2021-06-04 22:01:21.413 [main] RegistrationNumberExtractor - found: SG18 HTN
[INFO ] 2021-06-04 22:01:29.459 [main] RegistrationNumberExtractor - found: DN09HRM
[INFO ] 2021-06-04 22:01:29.459 [main] RegistrationNumberExtractor - found: BW57 BOW
[INFO ] 2021-06-04 22:01:29.459 [main] RegistrationNumberExtractor - found: KT17DLX
[INFO ] 2021-06-04 22:01:29.459 [main] RegistrationNumberExtractor - found: SG18 HTN
[INFO ] 2021-06-04 22:01:37.757 [main] RegistrationNumberExtractor - found: DN09HRM
[INFO ] 2021-06-04 22:01:37.758 [main] RegistrationNumberExtractor - found: BW57 BOW
[INFO ] 2021-06-04 22:01:37.758 [main] RegistrationNumberExtractor - found: KT17DLX
[INFO ] 2021-06-04 22:01:37.758 [main] RegistrationNumberExtractor - found: SG18 HTN
[INFO ] 2021-06-04 22:01:45.937 [main] RegistrationNumberExtractor - found: DN09HRM
[INFO ] 2021-06-04 22:01:45.937 [main] RegistrationNumberExtractor - found: BW57 BOW
[INFO ] 2021-06-04 22:01:45.937 [main] RegistrationNumberExtractor - found: KT17DLX
[INFO ] 2021-06-04 22:01:45.937 [main] RegistrationNumberExtractor - found: SG18 HTN
[INFO ] 2021-06-04 22:01:56.251 [main] RegistrationNumberExtractor - found: DN09HRM
[INFO ] 2021-06-04 22:01:56.252 [main] RegistrationNumberExtractor - found: BW57 BOW
[INFO ] 2021-06-04 22:01:56.252 [main] RegistrationNumberExtractor - found: KT17DLX
[INFO ] 2021-06-04 22:01:56.252 [main] RegistrationNumberExtractor - found: SG18 HTN
[INFO ] 2021-06-04 22:02:04.396 [main] RegistrationNumberExtractor - found: DN09HRM
[INFO ] 2021-06-04 22:02:04.396 [main] RegistrationNumberExtractor - found: BW57 BOW
[INFO ] 2021-06-04 22:02:04.396 [main] RegistrationNumberExtractor - found: KT17DLX
[INFO ] 2021-06-04 22:02:04.396 [main] RegistrationNumberExtractor - found: SG18 HTN
[INFO ] 2021-06-04 22:02:15.107 [main] RegistrationNumberExtractor - found: DN09HRM
[INFO ] 2021-06-04 22:02:15.107 [main] RegistrationNumberExtractor - found: BW57 BOW
[INFO ] 2021-06-04 22:02:15.107 [main] RegistrationNumberExtractor - found: KT17DLX
[INFO ] 2021-06-04 22:02:15.108 [main] RegistrationNumberExtractor - found: SG18 HTN
[INFO ] 2021-06-04 22:02:23.161 [main] RegistrationNumberExtractor - found: DN09HRM
[INFO ] 2021-06-04 22:02:23.161 [main] RegistrationNumberExtractor - found: BW57 BOW
[INFO ] 2021-06-04 22:02:23.161 [main] RegistrationNumberExtractor - found: KT17DLX
[INFO ] 2021-06-04 22:02:23.161 [main] RegistrationNumberExtractor - found: SG18 HTN
[INFO ] 2021-06-04 22:02:31.995 [main] RegistrationNumberExtractor - found: DN09HRM
[INFO ] 2021-06-04 22:02:31.995 [main] RegistrationNumberExtractor - found: BW57 BOW
[INFO ] 2021-06-04 22:02:31.995 [main] RegistrationNumberExtractor - found: KT17DLX
[INFO ] 2021-06-04 22:02:31.995 [main] RegistrationNumberExtractor - found: SG18 HTN
[INFO ] 2021-06-04 22:02:39.811 [main] RegistrationNumberExtractor - found: DN09HRM
[INFO ] 2021-06-04 22:02:39.811 [main] RegistrationNumberExtractor - found: BW57 BOW
[INFO ] 2021-06-04 22:02:39.811 [main] RegistrationNumberExtractor - found: KT17DLX
[INFO ] 2021-06-04 22:02:39.811 [main] RegistrationNumberExtractor - found: SG18 HTN
[INFO ] 2021-06-04 22:02:48.023 [main] RegistrationNumberExtractor - found: DN09HRM
[INFO ] 2021-06-04 22:02:48.023 [main] RegistrationNumberExtractor - found: BW57 BOW
[INFO ] 2021-06-04 22:02:48.023 [main] RegistrationNumberExtractor - found: KT17DLX
[INFO ] 2021-06-04 22:02:48.023 [main] RegistrationNumberExtractor - found: SG18 HTN
[INFO ] 2021-06-04 22:02:55.936 [main] RegistrationNumberExtractor - found: DN09HRM
[INFO ] 2021-06-04 22:02:55.936 [main] RegistrationNumberExtractor - found: BW57 BOW
[INFO ] 2021-06-04 22:02:55.936 [main] RegistrationNumberExtractor - found: KT17DLX
[INFO ] 2021-06-04 22:02:55.936 [main] RegistrationNumberExtractor - found: SG18 HTN
[INFO ] 2021-06-04 22:03:03.570 [main] RegistrationNumberExtractor - found: DN09HRM
[INFO ] 2021-06-04 22:03:03.570 [main] RegistrationNumberExtractor - found: BW57 BOW
[INFO ] 2021-06-04 22:03:03.570 [main] RegistrationNumberExtractor - found: KT17DLX
[INFO ] 2021-06-04 22:03:03.570 [main] RegistrationNumberExtractor - found: SG18 HTN
[INFO ] 2021-06-04 22:03:11.242 [main] RegistrationNumberExtractor - found: DN09HRM
[INFO ] 2021-06-04 22:03:11.242 [main] RegistrationNumberExtractor - found: BW57 BOW
[INFO ] 2021-06-04 22:03:11.242 [main] RegistrationNumberExtractor - found: KT17DLX
[INFO ] 2021-06-04 22:03:11.242 [main] RegistrationNumberExtractor - found: SG18 HTN
[INFO ] 2021-06-04 22:03:19.217 [main] RegistrationNumberExtractor - found: DN09HRM
[INFO ] 2021-06-04 22:03:19.217 [main] RegistrationNumberExtractor - found: BW57 BOW
[INFO ] 2021-06-04 22:03:19.217 [main] RegistrationNumberExtractor - found: KT17DLX
[INFO ] 2021-06-04 22:03:19.217 [main] RegistrationNumberExtractor - found: SG18 HTN
[INFO ] 2021-06-04 22:03:27.254 [main] RegistrationNumberExtractor - found: DN09HRM
[INFO ] 2021-06-04 22:03:27.254 [main] RegistrationNumberExtractor - found: BW57 BOW
[INFO ] 2021-06-04 22:03:27.254 [main] RegistrationNumberExtractor - found: KT17DLX
[INFO ] 2021-06-04 22:03:27.254 [main] RegistrationNumberExtractor - found: SG18 HTN
[INFO ] 2021-06-04 22:03:35.020 [main] RegistrationNumberExtractor - found: DN09HRM
[INFO ] 2021-06-04 22:03:35.020 [main] RegistrationNumberExtractor - found: BW57 BOW
[INFO ] 2021-06-04 22:03:35.020 [main] RegistrationNumberExtractor - found: KT17DLX
[INFO ] 2021-06-04 22:03:35.020 [main] RegistrationNumberExtractor - found: SG18 HTN
[INFO ] 2021-06-04 22:03:42.483 [main] RegistrationNumberExtractor - found: DN09HRM
[INFO ] 2021-06-04 22:03:42.483 [main] RegistrationNumberExtractor - found: BW57 BOW
[INFO ] 2021-06-04 22:03:42.483 [main] RegistrationNumberExtractor - found: KT17DLX
[INFO ] 2021-06-04 22:03:42.483 [main] RegistrationNumberExtractor - found: SG18 HTN
[INFO ] 2021-06-04 22:03:52.014 [main] RegistrationNumberExtractor - found: DN09HRM
[INFO ] 2021-06-04 22:03:52.014 [main] RegistrationNumberExtractor - found: BW57 BOW
[INFO ] 2021-06-04 22:03:52.014 [main] RegistrationNumberExtractor - found: KT17DLX
[INFO ] 2021-06-04 22:03:52.014 [main] RegistrationNumberExtractor - found: SG18 HTN
[INFO ] 2021-06-04 22:04:00.115 [main] RegistrationNumberExtractor - found: DN09HRM
[INFO ] 2021-06-04 22:04:00.115 [main] RegistrationNumberExtractor - found: BW57 BOW
[INFO ] 2021-06-04 22:04:00.115 [main] RegistrationNumberExtractor - found: KT17DLX
[INFO ] 2021-06-04 22:04:00.115 [main] RegistrationNumberExtractor - found: SG18 HTN
[INFO ] 2021-06-04 22:04:15.187 [main] RegistrationNumberExtractor - found: DN09HRM
[INFO ] 2021-06-04 22:04:15.187 [main] RegistrationNumberExtractor - found: BW57 BOW
[INFO ] 2021-06-04 22:04:15.187 [main] RegistrationNumberExtractor - found: KT17DLX
[INFO ] 2021-06-04 22:04:15.187 [main] RegistrationNumberExtractor - found: SG18 HTN
[INFO ] 2021-06-04 22:06:03.123 [main] RegistrationNumberExtractor - found: DN09HRM
[INFO ] 2021-06-04 22:06:03.125 [main] RegistrationNumberExtractor - found: BW57 BOW
[INFO ] 2021-06-04 22:06:03.127 [main] RegistrationNumberExtractor - found: KT17DLX
[INFO ] 2021-06-04 22:06:03.127 [main] RegistrationNumberExtractor - found: SG18 HTN
[INFO ] 2021-06-04 22:06:13.588 [main] RegistrationNumberExtractor - found: DN09HRM
[INFO ] 2021-06-04 22:06:13.588 [main] RegistrationNumberExtractor - found: BW57 BOW
[INFO ] 2021-06-04 22:06:13.589 [main] RegistrationNumberExtractor - found: KT17DLX
[INFO ] 2021-06-04 22:06:13.589 [main] RegistrationNumberExtractor - found: SG18 HTN
[INFO ] 2021-06-04 22:06:21.403 [main] RegistrationNumberExtractor - found: DN09HRM
[INFO ] 2021-06-04 22:06:21.403 [main] RegistrationNumberExtractor - found: BW57 BOW
[INFO ] 2021-06-04 22:06:21.403 [main] RegistrationNumberExtractor - found: KT17DLX
[INFO ] 2021-06-04 22:06:21.404 [main] RegistrationNumberExtractor - found: SG18 HTN
[INFO ] 2021-06-04 22:06:29.610 [main] RegistrationNumberExtractor - found: DN09HRM
[INFO ] 2021-06-04 22:06:29.611 [main] RegistrationNumberExtractor - found: BW57 BOW
[INFO ] 2021-06-04 22:06:29.611 [main] RegistrationNumberExtractor - found: KT17DLX
[INFO ] 2021-06-04 22:06:29.611 [main] RegistrationNumberExtractor - found: SG18 HTN
[INFO ] 2021-06-04 22:07:51.965 [main] RegistrationNumberExtractor - found: DN09HRM
[INFO ] 2021-06-04 22:07:51.967 [main] RegistrationNumberExtractor - found: BW57 BOW
[INFO ] 2021-06-04 22:07:51.969 [main] RegistrationNumberExtractor - found: KT17DLX
[INFO ] 2021-06-04 22:07:51.969 [main] RegistrationNumberExtractor - found: SG18 HTN
[INFO ] 2021-06-04 22:08:00.541 [main] RegistrationNumberExtractor - found: DN09HRM
[INFO ] 2021-06-04 22:08:00.541 [main] RegistrationNumberExtractor - found: BW57 BOW
[INFO ] 2021-06-04 22:08:00.542 [main] RegistrationNumberExtractor - found: KT17DLX
[INFO ] 2021-06-04 22:08:00.542 [main] RegistrationNumberExtractor - found: SG18 HTN
[INFO ] 2021-06-04 22:08:13.029 [main] RegistrationNumberExtractor - found: DN09HRM
[INFO ] 2021-06-04 22:08:13.032 [main] RegistrationNumberExtractor - found: BW57 BOW
[INFO ] 2021-06-04 22:08:13.033 [main] RegistrationNumberExtractor - found: KT17DLX
[INFO ] 2021-06-04 22:08:13.033 [main] RegistrationNumberExtractor - found: SG18 HTN
[INFO ] 2021-06-04 22:12:13.487 [main] RegistrationNumberExtractor - found: DN09HRM
[INFO ] 2021-06-04 22:12:13.489 [main] RegistrationNumberExtractor - found: BW57 BOW
[INFO ] 2021-06-04 22:12:13.490 [main] RegistrationNumberExtractor - found: KT17DLX
[INFO ] 2021-06-04 22:12:13.491 [main] RegistrationNumberExtractor - found: SG18 HTN
[INFO ] 2021-06-04 22:27:21.995 [main] RegistrationNumberExtractor - found: DN09HRM
[INFO ] 2021-06-04 22:27:21.998 [main] RegistrationNumberExtractor - found: BW57 BOW
[INFO ] 2021-06-04 22:27:21.999 [main] RegistrationNumberExtractor - found: KT17DLX
[INFO ] 2021-06-04 22:27:21.999 [main] RegistrationNumberExtractor - found: SG18 HTN
[INFO ] 2021-06-04 22:31:50.368 [main] RegistrationNumberExtractor - found: DN09HRM
[INFO ] 2021-06-04 22:31:50.370 [main] RegistrationNumberExtractor - found: BW57 BOW
[INFO ] 2021-06-04 22:31:50.371 [main] RegistrationNumberExtractor - found: KT17DLX
[INFO ] 2021-06-04 22:31:50.371 [main] RegistrationNumberExtractor - found: SG18 HTN
[INFO ] 2021-06-04 22:31:53.477 [main] RegistrationNumberExtractor - using the locator KT17DLX
[INFO ] 2021-06-04 22:31:53.498 [main] RegistrationNumberExtractor - using the locator Skoda
[INFO ] 2021-06-04 22:31:53.521 [main] RegistrationNumberExtractor - using the locator Superb Sportline Tdi S-A
[INFO ] 2021-06-04 22:31:53.541 [main] RegistrationNumberExtractor - using the locator White
[INFO ] 2021-06-04 22:31:53.560 [main] RegistrationNumberExtractor - using the locator 2017
[INFO ] 2021-06-04 22:33:30.016 [main] RegistrationNumberExtractor - found: DN09HRM
[INFO ] 2021-06-04 22:33:30.019 [main] RegistrationNumberExtractor - found: BW57 BOW
[INFO ] 2021-06-04 22:33:30.020 [main] RegistrationNumberExtractor - found: KT17DLX
[INFO ] 2021-06-04 22:33:30.021 [main] RegistrationNumberExtractor - found: SG18 HTN
[INFO ] 2021-06-04 22:33:33.135 [main] RegistrationNumberExtractor - 
[INFO ] 2021-06-04 22:33:33.173 [main] RegistrationNumberExtractor - 
[INFO ] 2021-06-04 22:33:33.198 [main] RegistrationNumberExtractor - Superb Sportline Tdi S-A
[INFO ] 2021-06-04 22:33:33.218 [main] RegistrationNumberExtractor - White
[INFO ] 2021-06-04 22:33:33.237 [main] RegistrationNumberExtractor - 2017
[INFO ] 2021-06-04 22:33:56.227 [main] RegistrationNumberExtractor - found: DN09HRM
[INFO ] 2021-06-04 22:33:56.229 [main] RegistrationNumberExtractor - found: BW57 BOW
[INFO ] 2021-06-04 22:33:56.230 [main] RegistrationNumberExtractor - found: KT17DLX
[INFO ] 2021-06-04 22:33:56.230 [main] RegistrationNumberExtractor - found: SG18 HTN
[INFO ] 2021-06-04 22:34:17.722 [main] RegistrationNumberExtractor - found: DN09HRM
[INFO ] 2021-06-04 22:34:17.724 [main] RegistrationNumberExtractor - found: BW57 BOW
[INFO ] 2021-06-04 22:34:17.725 [main] RegistrationNumberExtractor - found: KT17DLX
[INFO ] 2021-06-04 22:34:17.726 [main] RegistrationNumberExtractor - found: SG18 HTN
[INFO ] 2021-06-04 22:34:20.832 [main] RegistrationNumberExtractor - 
[INFO ] 2021-06-04 22:34:20.864 [main] RegistrationNumberExtractor - 
[INFO ] 2021-06-04 22:34:20.890 [main] RegistrationNumberExtractor - 
[INFO ] 2021-06-04 22:34:20.912 [main] RegistrationNumberExtractor - 
[INFO ] 2021-06-04 22:34:20.936 [main] RegistrationNumberExtractor - 
[INFO ] 2021-06-04 22:34:38.409 [main] RegistrationNumberExtractor - found: DN09HRM
[INFO ] 2021-06-04 22:34:38.411 [main] RegistrationNumberExtractor - found: BW57 BOW
[INFO ] 2021-06-04 22:34:38.412 [main] RegistrationNumberExtractor - found: KT17DLX
[INFO ] 2021-06-04 22:34:38.412 [main] RegistrationNumberExtractor - found: SG18 HTN
[INFO ] 2021-06-04 22:34:42.517 [main] RegistrationNumberExtractor - KT17DLX
[INFO ] 2021-06-04 22:34:42.536 [main] RegistrationNumberExtractor - Skoda
[INFO ] 2021-06-04 22:34:42.556 [main] RegistrationNumberExtractor - Superb Sportline Tdi S-A
[INFO ] 2021-06-04 22:34:42.577 [main] RegistrationNumberExtractor - White
[INFO ] 2021-06-04 22:34:42.601 [main] RegistrationNumberExtractor - 2017
[INFO ] 2021-06-04 22:35:22.041 [main] RegistrationNumberExtractor - found: DN09HRM
[INFO ] 2021-06-04 22:35:22.043 [main] RegistrationNumberExtractor - found: BW57 BOW
[INFO ] 2021-06-04 22:35:22.045 [main] RegistrationNumberExtractor - found: KT17DLX
[INFO ] 2021-06-04 22:35:22.045 [main] RegistrationNumberExtractor - found: SG18 HTN
[INFO ] 2021-06-04 22:35:33.542 [main] RegistrationNumberExtractor - found: DN09HRM
[INFO ] 2021-06-04 22:35:33.542 [main] RegistrationNumberExtractor - found: BW57 BOW
[INFO ] 2021-06-04 22:35:33.542 [main] RegistrationNumberExtractor - found: KT17DLX
[INFO ] 2021-06-04 22:35:33.542 [main] RegistrationNumberExtractor - found: SG18 HTN
[INFO ] 2021-06-04 22:35:41.468 [main] RegistrationNumberExtractor - found: DN09HRM
[INFO ] 2021-06-04 22:35:41.468 [main] RegistrationNumberExtractor - found: BW57 BOW
[INFO ] 2021-06-04 22:35:41.468 [main] RegistrationNumberExtractor - found: KT17DLX
[INFO ] 2021-06-04 22:35:41.468 [main] RegistrationNumberExtractor - found: SG18 HTN
[INFO ] 2021-06-04 22:35:49.257 [main] RegistrationNumberExtractor - found: DN09HRM
[INFO ] 2021-06-04 22:35:49.257 [main] RegistrationNumberExtractor - found: BW57 BOW
[INFO ] 2021-06-04 22:35:49.258 [main] RegistrationNumberExtractor - found: KT17DLX
[INFO ] 2021-06-04 22:35:49.258 [main] RegistrationNumberExtractor - found: SG18 HTN
[INFO ] 2021-06-04 22:35:57.041 [main] RegistrationNumberExtractor - found: DN09HRM
[INFO ] 2021-06-04 22:35:57.041 [main] RegistrationNumberExtractor - found: BW57 BOW
[INFO ] 2021-06-04 22:35:57.041 [main] RegistrationNumberExtractor - found: KT17DLX
[INFO ] 2021-06-04 22:35:57.041 [main] RegistrationNumberExtractor - found: SG18 HTN
[INFO ] 2021-06-04 22:36:04.555 [main] RegistrationNumberExtractor - found: DN09HRM
[INFO ] 2021-06-04 22:36:04.555 [main] RegistrationNumberExtractor - found: BW57 BOW
[INFO ] 2021-06-04 22:36:04.555 [main] RegistrationNumberExtractor - found: KT17DLX
[INFO ] 2021-06-04 22:36:04.555 [main] RegistrationNumberExtractor - found: SG18 HTN
[INFO ] 2021-06-04 22:36:12.391 [main] RegistrationNumberExtractor - found: DN09HRM
[INFO ] 2021-06-04 22:36:12.391 [main] RegistrationNumberExtractor - found: BW57 BOW
[INFO ] 2021-06-04 22:36:12.391 [main] RegistrationNumberExtractor - found: KT17DLX
[INFO ] 2021-06-04 22:36:12.392 [main] RegistrationNumberExtractor - found: SG18 HTN
[INFO ] 2021-06-04 22:36:22.178 [main] RegistrationNumberExtractor - found: DN09HRM
[INFO ] 2021-06-04 22:36:22.179 [main] RegistrationNumberExtractor - found: BW57 BOW
[INFO ] 2021-06-04 22:36:22.179 [main] RegistrationNumberExtractor - found: KT17DLX
[INFO ] 2021-06-04 22:36:22.179 [main] RegistrationNumberExtractor - found: SG18 HTN
[INFO ] 2021-06-04 22:36:29.964 [main] RegistrationNumberExtractor - found: DN09HRM
[INFO ] 2021-06-04 22:36:29.965 [main] RegistrationNumberExtractor - found: BW57 BOW
[INFO ] 2021-06-04 22:36:29.965 [main] RegistrationNumberExtractor - found: KT17DLX
[INFO ] 2021-06-04 22:36:29.965 [main] RegistrationNumberExtractor - found: SG18 HTN
[INFO ] 2021-06-04 22:36:37.153 [main] RegistrationNumberExtractor - found: DN09HRM
[INFO ] 2021-06-04 22:36:37.154 [main] RegistrationNumberExtractor - found: BW57 BOW
[INFO ] 2021-06-04 22:36:37.154 [main] RegistrationNumberExtractor - found: KT17DLX
[INFO ] 2021-06-04 22:36:37.154 [main] RegistrationNumberExtractor - found: SG18 HTN
[INFO ] 2021-06-04 22:36:44.670 [main] RegistrationNumberExtractor - found: DN09HRM
[INFO ] 2021-06-04 22:36:44.671 [main] RegistrationNumberExtractor - found: BW57 BOW
[INFO ] 2021-06-04 22:36:44.671 [main] RegistrationNumberExtractor - found: KT17DLX
[INFO ] 2021-06-04 22:36:44.671 [main] RegistrationNumberExtractor - found: SG18 HTN
[INFO ] 2021-06-04 22:36:54.290 [main] RegistrationNumberExtractor - found: DN09HRM
[INFO ] 2021-06-04 22:36:54.290 [main] RegistrationNumberExtractor - found: BW57 BOW
[INFO ] 2021-06-04 22:36:54.290 [main] RegistrationNumberExtractor - found: KT17DLX
[INFO ] 2021-06-04 22:36:54.290 [main] RegistrationNumberExtractor - found: SG18 HTN
[INFO ] 2021-06-04 22:37:01.830 [main] RegistrationNumberExtractor - found: DN09HRM
[INFO ] 2021-06-04 22:37:01.830 [main] RegistrationNumberExtractor - found: BW57 BOW
[INFO ] 2021-06-04 22:37:01.830 [main] RegistrationNumberExtractor - found: KT17DLX
[INFO ] 2021-06-04 22:37:01.830 [main] RegistrationNumberExtractor - found: SG18 HTN
[INFO ] 2021-06-04 22:37:09.510 [main] RegistrationNumberExtractor - found: DN09HRM
[INFO ] 2021-06-04 22:37:09.510 [main] RegistrationNumberExtractor - found: BW57 BOW
[INFO ] 2021-06-04 22:37:09.510 [main] RegistrationNumberExtractor - found: KT17DLX
[INFO ] 2021-06-04 22:37:09.510 [main] RegistrationNumberExtractor - found: SG18 HTN
[INFO ] 2021-06-04 22:37:16.546 [main] RegistrationNumberExtractor - found: DN09HRM
[INFO ] 2021-06-04 22:37:16.547 [main] RegistrationNumberExtractor - found: BW57 BOW
[INFO ] 2021-06-04 22:37:16.547 [main] RegistrationNumberExtractor - found: KT17DLX
[INFO ] 2021-06-04 22:37:16.547 [main] RegistrationNumberExtractor - found: SG18 HTN
[INFO ] 2021-06-04 22:37:25.357 [main] RegistrationNumberExtractor - found: DN09HRM
[INFO ] 2021-06-04 22:37:25.357 [main] RegistrationNumberExtractor - found: BW57 BOW
[INFO ] 2021-06-04 22:37:25.357 [main] RegistrationNumberExtractor - found: KT17DLX
[INFO ] 2021-06-04 22:37:25.358 [main] RegistrationNumberExtractor - found: SG18 HTN
[INFO ] 2021-06-04 22:37:33.033 [main] RegistrationNumberExtractor - found: DN09HRM
[INFO ] 2021-06-04 22:37:33.033 [main] RegistrationNumberExtractor - found: BW57 BOW
[INFO ] 2021-06-04 22:37:33.033 [main] RegistrationNumberExtractor - found: KT17DLX
[INFO ] 2021-06-04 22:37:33.033 [main] RegistrationNumberExtractor - found: SG18 HTN
[INFO ] 2021-06-04 22:37:40.615 [main] RegistrationNumberExtractor - found: DN09HRM
[INFO ] 2021-06-04 22:37:40.615 [main] RegistrationNumberExtractor - found: BW57 BOW
[INFO ] 2021-06-04 22:37:40.615 [main] RegistrationNumberExtractor - found: KT17DLX
[INFO ] 2021-06-04 22:37:40.615 [main] RegistrationNumberExtractor - found: SG18 HTN
[INFO ] 2021-06-04 22:37:48.642 [main] RegistrationNumberExtractor - found: DN09HRM
[INFO ] 2021-06-04 22:37:48.642 [main] RegistrationNumberExtractor - found: BW57 BOW
[INFO ] 2021-06-04 22:37:48.642 [main] RegistrationNumberExtractor - found: KT17DLX
[INFO ] 2021-06-04 22:37:48.642 [main] RegistrationNumberExtractor - found: SG18 HTN
[INFO ] 2021-06-04 22:38:08.828 [main] RegistrationNumberExtractor - found: DN09HRM
[INFO ] 2021-06-04 22:38:08.829 [main] RegistrationNumberExtractor - found: BW57 BOW
[INFO ] 2021-06-04 22:38:08.829 [main] RegistrationNumberExtractor - found: KT17DLX
[INFO ] 2021-06-04 22:38:08.829 [main] RegistrationNumberExtractor - found: SG18 HTN
[INFO ] 2021-06-04 22:38:16.595 [main] RegistrationNumberExtractor - found: DN09HRM
[INFO ] 2021-06-04 22:38:16.595 [main] RegistrationNumberExtractor - found: BW57 BOW
[INFO ] 2021-06-04 22:38:16.595 [main] RegistrationNumberExtractor - found: KT17DLX
[INFO ] 2021-06-04 22:38:16.595 [main] RegistrationNumberExtractor - found: SG18 HTN
[INFO ] 2021-06-04 22:38:24.139 [main] RegistrationNumberExtractor - found: DN09HRM
[INFO ] 2021-06-04 22:38:24.139 [main] RegistrationNumberExtractor - found: BW57 BOW
[INFO ] 2021-06-04 22:38:24.139 [main] RegistrationNumberExtractor - found: KT17DLX
[INFO ] 2021-06-04 22:38:24.139 [main] RegistrationNumberExtractor - found: SG18 HTN
[INFO ] 2021-06-04 22:38:33.220 [main] RegistrationNumberExtractor - found: DN09HRM
[INFO ] 2021-06-04 22:38:33.220 [main] RegistrationNumberExtractor - found: BW57 BOW
[INFO ] 2021-06-04 22:38:33.220 [main] RegistrationNumberExtractor - found: KT17DLX
[INFO ] 2021-06-04 22:38:33.220 [main] RegistrationNumberExtractor - found: SG18 HTN
[INFO ] 2021-06-04 22:38:43.296 [main] RegistrationNumberExtractor - found: DN09HRM
[INFO ] 2021-06-04 22:38:43.297 [main] RegistrationNumberExtractor - found: BW57 BOW
[INFO ] 2021-06-04 22:38:43.297 [main] RegistrationNumberExtractor - found: KT17DLX
[INFO ] 2021-06-04 22:38:43.297 [main] RegistrationNumberExtractor - found: SG18 HTN
[INFO ] 2021-06-04 22:38:55.846 [main] RegistrationNumberExtractor - found: DN09HRM
[INFO ] 2021-06-04 22:38:55.846 [main] RegistrationNumberExtractor - found: BW57 BOW
[INFO ] 2021-06-04 22:38:55.846 [main] RegistrationNumberExtractor - found: KT17DLX
[INFO ] 2021-06-04 22:38:55.846 [main] RegistrationNumberExtractor - found: SG18 HTN
[INFO ] 2021-06-04 22:44:55.986 [main] RegistrationNumberExtractor - found: DN09HRM
[INFO ] 2021-06-04 22:44:55.989 [main] RegistrationNumberExtractor - found: BW57 BOW
[INFO ] 2021-06-04 22:44:55.991 [main] RegistrationNumberExtractor - found: KT17DLX
[INFO ] 2021-06-04 22:44:55.991 [main] RegistrationNumberExtractor - found: SG18 HTN
[INFO ] 2021-06-04 22:45:03.763 [main] RegistrationNumberExtractor - found: DN09HRM
[INFO ] 2021-06-04 22:45:03.764 [main] RegistrationNumberExtractor - found: BW57 BOW
[INFO ] 2021-06-04 22:45:03.764 [main] RegistrationNumberExtractor - found: KT17DLX
[INFO ] 2021-06-04 22:45:03.764 [main] RegistrationNumberExtractor - found: SG18 HTN
[INFO ] 2021-06-04 22:45:10.904 [main] RegistrationNumberExtractor - found: DN09HRM
[INFO ] 2021-06-04 22:45:10.904 [main] RegistrationNumberExtractor - found: BW57 BOW
[INFO ] 2021-06-04 22:45:10.905 [main] RegistrationNumberExtractor - found: KT17DLX
[INFO ] 2021-06-04 22:45:10.905 [main] RegistrationNumberExtractor - found: SG18 HTN
[INFO ] 2021-06-04 22:45:17.683 [main] RegistrationNumberExtractor - found: DN09HRM
[INFO ] 2021-06-04 22:45:17.683 [main] RegistrationNumberExtractor - found: BW57 BOW
[INFO ] 2021-06-04 22:45:17.683 [main] RegistrationNumberExtractor - found: KT17DLX
[INFO ] 2021-06-04 22:45:17.683 [main] RegistrationNumberExtractor - found: SG18 HTN
[INFO ] 2021-06-04 22:45:24.202 [main] RegistrationNumberExtractor - found: DN09HRM
[INFO ] 2021-06-04 22:45:24.202 [main] RegistrationNumberExtractor - found: BW57 BOW
[INFO ] 2021-06-04 22:45:24.202 [main] RegistrationNumberExtractor - found: KT17DLX
[INFO ] 2021-06-04 22:45:24.202 [main] RegistrationNumberExtractor - found: SG18 HTN
[INFO ] 2021-06-04 22:45:30.589 [main] RegistrationNumberExtractor - found: DN09HRM
[INFO ] 2021-06-04 22:45:30.589 [main] RegistrationNumberExtractor - found: BW57 BOW
[INFO ] 2021-06-04 22:45:30.589 [main] RegistrationNumberExtractor - found: KT17DLX
[INFO ] 2021-06-04 22:45:30.589 [main] RegistrationNumberExtractor - found: SG18 HTN
[INFO ] 2021-06-04 22:45:37.732 [main] RegistrationNumberExtractor - found: DN09HRM
[INFO ] 2021-06-04 22:45:37.732 [main] RegistrationNumberExtractor - found: BW57 BOW
[INFO ] 2021-06-04 22:45:37.732 [main] RegistrationNumberExtractor - found: KT17DLX
[INFO ] 2021-06-04 22:45:37.732 [main] RegistrationNumberExtractor - found: SG18 HTN
[INFO ] 2021-06-04 22:45:44.771 [main] RegistrationNumberExtractor - found: DN09HRM
[INFO ] 2021-06-04 22:45:44.771 [main] RegistrationNumberExtractor - found: BW57 BOW
[INFO ] 2021-06-04 22:45:44.771 [main] RegistrationNumberExtractor - found: KT17DLX
[INFO ] 2021-06-04 22:45:44.771 [main] RegistrationNumberExtractor - found: SG18 HTN
[INFO ] 2021-06-04 22:45:51.234 [main] RegistrationNumberExtractor - found: DN09HRM
[INFO ] 2021-06-04 22:45:51.235 [main] RegistrationNumberExtractor - found: BW57 BOW
[INFO ] 2021-06-04 22:45:51.235 [main] RegistrationNumberExtractor - found: KT17DLX
[INFO ] 2021-06-04 22:45:51.235 [main] RegistrationNumberExtractor - found: SG18 HTN
[INFO ] 2021-06-04 22:45:57.834 [main] RegistrationNumberExtractor - found: DN09HRM
[INFO ] 2021-06-04 22:45:57.834 [main] RegistrationNumberExtractor - found: BW57 BOW
[INFO ] 2021-06-04 22:45:57.834 [main] RegistrationNumberExtractor - found: KT17DLX
[INFO ] 2021-06-04 22:45:57.835 [main] RegistrationNumberExtractor - found: SG18 HTN
[INFO ] 2021-06-04 22:46:05.115 [main] RegistrationNumberExtractor - found: DN09HRM
[INFO ] 2021-06-04 22:46:05.115 [main] RegistrationNumberExtractor - found: BW57 BOW
[INFO ] 2021-06-04 22:46:05.115 [main] RegistrationNumberExtractor - found: KT17DLX
[INFO ] 2021-06-04 22:46:05.115 [main] RegistrationNumberExtractor - found: SG18 HTN
[INFO ] 2021-06-04 22:46:12.075 [main] RegistrationNumberExtractor - found: DN09HRM
[INFO ] 2021-06-04 22:46:12.076 [main] RegistrationNumberExtractor - found: BW57 BOW
[INFO ] 2021-06-04 22:46:12.076 [main] RegistrationNumberExtractor - found: KT17DLX
[INFO ] 2021-06-04 22:46:12.076 [main] RegistrationNumberExtractor - found: SG18 HTN
[INFO ] 2021-06-04 22:46:18.618 [main] RegistrationNumberExtractor - found: DN09HRM
[INFO ] 2021-06-04 22:46:18.618 [main] RegistrationNumberExtractor - found: BW57 BOW
[INFO ] 2021-06-04 22:46:18.618 [main] RegistrationNumberExtractor - found: KT17DLX
[INFO ] 2021-06-04 22:46:18.618 [main] RegistrationNumberExtractor - found: SG18 HTN
[INFO ] 2021-06-04 22:46:25.594 [main] RegistrationNumberExtractor - found: DN09HRM
[INFO ] 2021-06-04 22:46:25.594 [main] RegistrationNumberExtractor - found: BW57 BOW
[INFO ] 2021-06-04 22:46:25.594 [main] RegistrationNumberExtractor - found: KT17DLX
[INFO ] 2021-06-04 22:46:25.594 [main] RegistrationNumberExtractor - found: SG18 HTN
[INFO ] 2021-06-04 22:46:32.207 [main] RegistrationNumberExtractor - found: DN09HRM
[INFO ] 2021-06-04 22:46:32.207 [main] RegistrationNumberExtractor - found: BW57 BOW
[INFO ] 2021-06-04 22:46:32.207 [main] RegistrationNumberExtractor - found: KT17DLX
[INFO ] 2021-06-04 22:46:32.207 [main] RegistrationNumberExtractor - found: SG18 HTN
[INFO ] 2021-06-04 22:46:40.125 [main] RegistrationNumberExtractor - found: DN09HRM
[INFO ] 2021-06-04 22:46:40.125 [main] RegistrationNumberExtractor - found: BW57 BOW
[INFO ] 2021-06-04 22:46:40.125 [main] RegistrationNumberExtractor - found: KT17DLX
[INFO ] 2021-06-04 22:46:40.125 [main] RegistrationNumberExtractor - found: SG18 HTN
[INFO ] 2021-06-04 22:46:46.859 [main] RegistrationNumberExtractor - found: DN09HRM
[INFO ] 2021-06-04 22:46:46.859 [main] RegistrationNumberExtractor - found: BW57 BOW
[INFO ] 2021-06-04 22:46:46.859 [main] RegistrationNumberExtractor - found: KT17DLX
[INFO ] 2021-06-04 22:46:46.860 [main] RegistrationNumberExtractor - found: SG18 HTN
[INFO ] 2021-06-04 22:46:54.339 [main] RegistrationNumberExtractor - found: DN09HRM
[INFO ] 2021-06-04 22:46:54.339 [main] RegistrationNumberExtractor - found: BW57 BOW
[INFO ] 2021-06-04 22:46:54.339 [main] RegistrationNumberExtractor - found: KT17DLX
[INFO ] 2021-06-04 22:46:54.339 [main] RegistrationNumberExtractor - found: SG18 HTN
[INFO ] 2021-06-04 22:47:01.071 [main] RegistrationNumberExtractor - found: DN09HRM
[INFO ] 2021-06-04 22:47:01.072 [main] RegistrationNumberExtractor - found: BW57 BOW
[INFO ] 2021-06-04 22:47:01.072 [main] RegistrationNumberExtractor - found: KT17DLX
[INFO ] 2021-06-04 22:47:01.072 [main] RegistrationNumberExtractor - found: SG18 HTN
[INFO ] 2021-06-04 22:47:08.306 [main] RegistrationNumberExtractor - found: DN09HRM
[INFO ] 2021-06-04 22:47:08.306 [main] RegistrationNumberExtractor - found: BW57 BOW
[INFO ] 2021-06-04 22:47:08.306 [main] RegistrationNumberExtractor - found: KT17DLX
[INFO ] 2021-06-04 22:47:08.306 [main] RegistrationNumberExtractor - found: SG18 HTN
[INFO ] 2021-06-04 22:47:14.949 [main] RegistrationNumberExtractor - found: DN09HRM
[INFO ] 2021-06-04 22:47:14.950 [main] RegistrationNumberExtractor - found: BW57 BOW
[INFO ] 2021-06-04 22:47:14.950 [main] RegistrationNumberExtractor - found: KT17DLX
[INFO ] 2021-06-04 22:47:14.950 [main] RegistrationNumberExtractor - found: SG18 HTN
[INFO ] 2021-06-04 22:47:21.604 [main] RegistrationNumberExtractor - found: DN09HRM
[INFO ] 2021-06-04 22:47:21.604 [main] RegistrationNumberExtractor - found: BW57 BOW
[INFO ] 2021-06-04 22:47:21.604 [main] RegistrationNumberExtractor - found: KT17DLX
[INFO ] 2021-06-04 22:47:21.604 [main] RegistrationNumberExtractor - found: SG18 HTN
[INFO ] 2021-06-04 22:47:28.611 [main] RegistrationNumberExtractor - found: DN09HRM
[INFO ] 2021-06-04 22:47:28.611 [main] RegistrationNumberExtractor - found: BW57 BOW
[INFO ] 2021-06-04 22:47:28.611 [main] RegistrationNumberExtractor - found: KT17DLX
[INFO ] 2021-06-04 22:47:28.611 [main] RegistrationNumberExtractor - found: SG18 HTN
[INFO ] 2021-06-04 22:47:34.929 [main] RegistrationNumberExtractor - found: DN09HRM
[INFO ] 2021-06-04 22:47:34.930 [main] RegistrationNumberExtractor - found: BW57 BOW
[INFO ] 2021-06-04 22:47:34.930 [main] RegistrationNumberExtractor - found: KT17DLX
[INFO ] 2021-06-04 22:47:34.930 [main] RegistrationNumberExtractor - found: SG18 HTN
[INFO ] 2021-06-04 22:47:42.362 [main] RegistrationNumberExtractor - found: DN09HRM
[INFO ] 2021-06-04 22:47:42.362 [main] RegistrationNumberExtractor - found: BW57 BOW
[INFO ] 2021-06-04 22:47:42.362 [main] RegistrationNumberExtractor - found: KT17DLX
[INFO ] 2021-06-04 22:47:42.362 [main] RegistrationNumberExtractor - found: SG18 HTN
